<?xml version="1.0" encoding="UTF-8"?>
<testsuite xmlns:xsi="http://www.w3.org/2001/XMLSchema-instance" xsi:noNamespaceSchemaLocation="https://maven.apache.org/surefire/maven-surefire-plugin/xsd/surefire-test-report-3.0.xsd" version="3.0" name="ru.alexey.zadanie.TekstileApp.TekstileAppApplicationTests" time="16.437" tests="1" errors="0" skipped="0" failures="0">
  <properties>
[...]
</properties>
  <testcase name="contextLoads" classname="ru.alexey.zadanie.TekstileApp.TekstileAppApplicationTests" time="0.781">
    <system-out><![CDATA[22:35:19.060 [main] INFO org.springframework.test.context.support.AnnotationConfigContextLoaderUtils -- Could not detect default configuration classes for test class [ru.alexey.zadanie.TekstileApp.TekstileAppApplicationTests]: TekstileAppApplicationTests does not declare any static, non-private, non-final, nested classes annotated with @Configuration.
22:35:19.258 [main] INFO org.springframework.boot.test.context.SpringBootTestContextBootstrapper -- Found @SpringBootConfiguration ru.alexey.zadanie.TekstileApp.TekstileAppApplication for test class ru.alexey.zadanie.TekstileApp.TekstileAppApplicationTests

  .   ____          _            __ _ _
 /\\ / ___'_ __ _ _(_)_ __  __ _ \ \ \ \
( ( )\___ | '_ | '_| | '_ \/ _` | \ \ \ \
 \\/  ___)| |_)| | | | | || (_| |  ) ) ) )
  '  |____| .__|_| |_|_| |_\__, | / / / /
 =========|_|==============|___/=/_/_/_/

 :: Spring Boot ::                (v3.3.5)

2025-03-14T22:35:20.031+07:00  INFO 1600 --- [TekstileApp] [           main] r.a.z.T.TekstileAppApplicationTests      : Starting TekstileAppApplicationTests using Java 23.0.2 with PID 1600 (started by krutojcelovecek in /Users/krutojcelovecek/altstu/sber/TekstileApp)
2025-03-14T22:35:20.036+07:00  INFO 1600 --- [TekstileApp] [           main] r.a.z.T.TekstileAppApplicationTests      : No active profile set, falling back to 1 default profile: "default"
2025-03-14T22:35:21.417+07:00  INFO 1600 --- [TekstileApp] [           main] .s.d.r.c.RepositoryConfigurationDelegate : Bootstrapping Spring Data JPA repositories in DEFAULT mode.
2025-03-14T22:35:21.507+07:00  INFO 1600 --- [TekstileApp] [           main] .s.d.r.c.RepositoryConfigurationDelegate : Finished Spring Data repository scanning in 79 ms. Found 1 JPA repository interface.
2025-03-14T22:35:22.367+07:00 DEBUG 1600 --- [TekstileApp] [           main] liquibase.servicelocator                 : Loaded liquibase.configuration.AutoloadedConfigurations instance liquibase.GlobalConfiguration
2025-03-14T22:35:22.371+07:00 DEBUG 1600 --- [TekstileApp] [           main] liquibase.servicelocator                 : Loaded liquibase.configuration.AutoloadedConfigurations instance liquibase.integration.commandline.LiquibaseCommandLineConfiguration
2025-03-14T22:35:22.372+07:00 DEBUG 1600 --- [TekstileApp] [           main] liquibase.servicelocator                 : Loaded liquibase.configuration.AutoloadedConfigurations instance liquibase.logging.core.DefaultLoggerConfiguration
2025-03-14T22:35:22.373+07:00 DEBUG 1600 --- [TekstileApp] [           main] liquibase.servicelocator                 : Loaded liquibase.configuration.AutoloadedConfigurations instance liquibase.sql.SqlConfiguration
2025-03-14T22:35:22.376+07:00 DEBUG 1600 --- [TekstileApp] [           main] liquibase.servicelocator                 : Loaded liquibase.configuration.AutoloadedConfigurations instance liquibase.parser.ChangeLogParserConfiguration
2025-03-14T22:35:22.376+07:00 DEBUG 1600 --- [TekstileApp] [           main] liquibase.configuration                  : Found ConfigurationDefinitions in liquibase.GlobalConfiguration
2025-03-14T22:35:22.376+07:00 DEBUG 1600 --- [TekstileApp] [           main] liquibase.configuration                  : Found ConfigurationDefinitions in liquibase.integration.commandline.LiquibaseCommandLineConfiguration
2025-03-14T22:35:22.376+07:00 DEBUG 1600 --- [TekstileApp] [           main] liquibase.configuration                  : Found ConfigurationDefinitions in liquibase.logging.core.DefaultLoggerConfiguration
2025-03-14T22:35:22.377+07:00 DEBUG 1600 --- [TekstileApp] [           main] liquibase.configuration                  : Found ConfigurationDefinitions in liquibase.sql.SqlConfiguration
2025-03-14T22:35:22.377+07:00 DEBUG 1600 --- [TekstileApp] [           main] liquibase.configuration                  : Found ConfigurationDefinitions in liquibase.parser.ChangeLogParserConfiguration
2025-03-14T22:35:22.380+07:00 DEBUG 1600 --- [TekstileApp] [           main] liquibase.servicelocator                 : Loaded liquibase.configuration.ConfigurationValueProvider instance liquibase.configuration.core.DeprecatedConfigurationValueProvider
2025-03-14T22:35:22.381+07:00 DEBUG 1600 --- [TekstileApp] [           main] liquibase.servicelocator                 : Loaded liquibase.configuration.ConfigurationValueProvider instance liquibase.configuration.core.SystemPropertyValueProvider
2025-03-14T22:35:22.382+07:00 DEBUG 1600 --- [TekstileApp] [           main] liquibase.servicelocator                 : Loaded liquibase.configuration.ConfigurationValueProvider instance liquibase.configuration.core.ScopeValueProvider
2025-03-14T22:35:22.384+07:00 DEBUG 1600 --- [TekstileApp] [           main] liquibase.servicelocator                 : Loaded liquibase.configuration.ConfigurationValueProvider instance liquibase.configuration.core.EnvironmentValueProvider
2025-03-14T22:35:22.388+07:00 DEBUG 1600 --- [TekstileApp] [           main] liquibase.servicelocator                 : Loaded liquibase.logging.LogService instance liquibase.logging.core.BufferedLogService
2025-03-14T22:35:22.389+07:00 DEBUG 1600 --- [TekstileApp] [           main] liquibase.servicelocator                 : Loaded liquibase.logging.LogService instance liquibase.logging.core.CompositeLogService
2025-03-14T22:35:22.389+07:00 DEBUG 1600 --- [TekstileApp] [           main] liquibase.servicelocator                 : Loaded liquibase.logging.LogService instance liquibase.logging.core.JavaLogService
2025-03-14T22:35:22.391+07:00 DEBUG 1600 --- [TekstileApp] [           main] liquibase.servicelocator                 : Loaded liquibase.servicelocator.ServiceLocator instance liquibase.servicelocator.StandardServiceLocator
2025-03-14T22:35:22.418+07:00 DEBUG 1600 --- [TekstileApp] [           main] liquibase.configuration                  : No configuration value for liquibase.shouldRun aka should.run found
2025-03-14T22:35:22.419+07:00 DEBUG 1600 --- [TekstileApp] [           main] liquibase.configuration                  : Configuration liquibase.shouldRun is using the default value of true
2025-03-14T22:35:22.421+07:00  INFO 1600 --- [TekstileApp] [           main] com.zaxxer.hikari.HikariDataSource       : HikariPool-1 - Starting...
2025-03-14T22:35:22.886+07:00  INFO 1600 --- [TekstileApp] [           main] com.zaxxer.hikari.pool.HikariPool        : HikariPool-1 - Added connection org.postgresql.jdbc.PgConnection@11381415
2025-03-14T22:35:22.889+07:00  INFO 1600 --- [TekstileApp] [           main] com.zaxxer.hikari.HikariDataSource       : HikariPool-1 - Start completed.
2025-03-14T22:35:22.909+07:00 DEBUG 1600 --- [TekstileApp] [           main] liquibase.servicelocator                 : Loaded liquibase.database.jvm.ConnectionPatterns instance liquibase.database.jvm.JdbcConnectionPatterns
2025-03-14T22:35:22.925+07:00 DEBUG 1600 --- [TekstileApp] [           main] liquibase.servicelocator                 : Loaded liquibase.database.Database instance liquibase.database.core.CockroachDatabase
2025-03-14T22:35:22.928+07:00 DEBUG 1600 --- [TekstileApp] [           main] liquibase.servicelocator                 : Loaded liquibase.database.Database instance liquibase.database.core.DB2Database
2025-03-14T22:35:22.929+07:00 DEBUG 1600 --- [TekstileApp] [           main] liquibase.servicelocator                 : Loaded liquibase.database.Database instance liquibase.database.core.Db2zDatabase
2025-03-14T22:35:22.931+07:00 DEBUG 1600 --- [TekstileApp] [           main] liquibase.servicelocator                 : Loaded liquibase.database.Database instance liquibase.database.core.DerbyDatabase
2025-03-14T22:35:22.933+07:00 DEBUG 1600 --- [TekstileApp] [           main] liquibase.servicelocator                 : Loaded liquibase.database.Database instance liquibase.database.core.EnterpriseDBDatabase
2025-03-14T22:35:22.934+07:00 DEBUG 1600 --- [TekstileApp] [           main] liquibase.servicelocator                 : Loaded liquibase.database.Database instance liquibase.database.core.FirebirdDatabase
2025-03-14T22:35:22.937+07:00 DEBUG 1600 --- [TekstileApp] [           main] liquibase.servicelocator                 : Loaded liquibase.database.Database instance liquibase.database.core.H2Database
2025-03-14T22:35:22.940+07:00 DEBUG 1600 --- [TekstileApp] [           main] liquibase.servicelocator                 : Loaded liquibase.database.Database instance liquibase.database.core.HsqlDatabase
2025-03-14T22:35:22.942+07:00 DEBUG 1600 --- [TekstileApp] [           main] liquibase.servicelocator                 : Loaded liquibase.database.Database instance liquibase.database.core.InformixDatabase
2025-03-14T22:35:22.945+07:00 DEBUG 1600 --- [TekstileApp] [           main] liquibase.servicelocator                 : Loaded liquibase.database.Database instance liquibase.database.core.Ingres9Database
2025-03-14T22:35:22.950+07:00 DEBUG 1600 --- [TekstileApp] [           main] liquibase.servicelocator                 : Loaded liquibase.database.Database instance liquibase.database.core.MSSQLDatabase
2025-03-14T22:35:22.976+07:00 DEBUG 1600 --- [TekstileApp] [           main] liquibase.servicelocator                 : Loaded liquibase.database.Database instance liquibase.database.core.MariaDBDatabase
2025-03-14T22:35:22.980+07:00 DEBUG 1600 --- [TekstileApp] [           main] liquibase.servicelocator                 : Loaded liquibase.database.Database instance liquibase.database.core.MockDatabase
2025-03-14T22:35:22.983+07:00 DEBUG 1600 --- [TekstileApp] [           main] liquibase.servicelocator                 : Loaded liquibase.database.Database instance liquibase.database.core.MySQLDatabase
2025-03-14T22:35:22.986+07:00 DEBUG 1600 --- [TekstileApp] [           main] liquibase.servicelocator                 : Loaded liquibase.database.Database instance liquibase.database.core.OracleDatabase
2025-03-14T22:35:22.992+07:00 DEBUG 1600 --- [TekstileApp] [           main] liquibase.servicelocator                 : Loaded liquibase.database.Database instance liquibase.database.core.PostgresDatabase
2025-03-14T22:35:22.997+07:00 DEBUG 1600 --- [TekstileApp] [           main] liquibase.servicelocator                 : Loaded liquibase.database.Database instance liquibase.database.core.SQLiteDatabase
2025-03-14T22:35:22.999+07:00 DEBUG 1600 --- [TekstileApp] [           main] liquibase.servicelocator                 : Loaded liquibase.database.Database instance liquibase.database.core.SybaseASADatabase
2025-03-14T22:35:23.006+07:00 DEBUG 1600 --- [TekstileApp] [           main] liquibase.servicelocator                 : Loaded liquibase.database.Database instance liquibase.database.core.SybaseDatabase
2025-03-14T22:35:23.010+07:00 DEBUG 1600 --- [TekstileApp] [           main] liquibase.servicelocator                 : Loaded liquibase.database.Database instance liquibase.database.core.UnsupportedDatabase
2025-03-14T22:35:23.012+07:00 DEBUG 1600 --- [TekstileApp] [           main] liquibase.servicelocator                 : Loaded liquibase.database.Database instance liquibase.database.core.SnowflakeDatabase
2025-03-14T22:35:23.067+07:00 DEBUG 1600 --- [TekstileApp] [           main] liquibase.database                       : Connected to postgres@jdbc:postgresql://localhost:5432/db_skladok
2025-03-14T22:35:23.067+07:00 DEBUG 1600 --- [TekstileApp] [           main] liquibase.database                       : Setting auto commit to false from true
2025-03-14T22:35:23.120+07:00 DEBUG 1600 --- [TekstileApp] [           main] liquibase.servicelocator                 : Loaded liquibase.executor.Executor instance liquibase.executor.jvm.JdbcExecutor
2025-03-14T22:35:23.121+07:00 DEBUG 1600 --- [TekstileApp] [           main] liquibase.servicelocator                 : Loaded liquibase.executor.Executor instance liquibase.executor.jvm.SnowflakeJdbcExecutor
2025-03-14T22:35:23.130+07:00 DEBUG 1600 --- [TekstileApp] [           main] liquibase.servicelocator                 : Loaded liquibase.sqlgenerator.SqlGenerator instance liquibase.sqlgenerator.core.AddAutoIncrementGenerator
2025-03-14T22:35:23.131+07:00 DEBUG 1600 --- [TekstileApp] [           main] liquibase.servicelocator                 : Loaded liquibase.sqlgenerator.SqlGenerator instance liquibase.sqlgenerator.core.AddAutoIncrementGeneratorDB2
2025-03-14T22:35:23.132+07:00 DEBUG 1600 --- [TekstileApp] [           main] liquibase.servicelocator                 : Loaded liquibase.sqlgenerator.SqlGenerator instance liquibase.sqlgenerator.core.AddAutoIncrementGeneratorHsqlH2
2025-03-14T22:35:23.133+07:00 DEBUG 1600 --- [TekstileApp] [           main] liquibase.servicelocator                 : Loaded liquibase.sqlgenerator.SqlGenerator instance liquibase.sqlgenerator.core.AddAutoIncrementGeneratorInformix
2025-03-14T22:35:23.135+07:00 DEBUG 1600 --- [TekstileApp] [           main] liquibase.servicelocator                 : Loaded liquibase.sqlgenerator.SqlGenerator instance liquibase.sqlgenerator.core.AddAutoIncrementGeneratorMySQL
2025-03-14T22:35:23.136+07:00 DEBUG 1600 --- [TekstileApp] [           main] liquibase.servicelocator                 : Loaded liquibase.sqlgenerator.SqlGenerator instance liquibase.sqlgenerator.core.AddAutoIncrementGeneratorSQLite
2025-03-14T22:35:23.138+07:00 DEBUG 1600 --- [TekstileApp] [           main] liquibase.servicelocator                 : Loaded liquibase.sqlgenerator.SqlGenerator instance liquibase.sqlgenerator.core.AddColumnGenerator
2025-03-14T22:35:23.139+07:00 DEBUG 1600 --- [TekstileApp] [           main] liquibase.servicelocator                 : Loaded liquibase.sqlgenerator.SqlGenerator instance liquibase.sqlgenerator.core.AddColumnGeneratorDefaultClauseBeforeNotNull
2025-03-14T22:35:23.140+07:00 DEBUG 1600 --- [TekstileApp] [           main] liquibase.servicelocator                 : Loaded liquibase.sqlgenerator.SqlGenerator instance liquibase.sqlgenerator.core.AddColumnGeneratorSQLite
2025-03-14T22:35:23.142+07:00 DEBUG 1600 --- [TekstileApp] [           main] liquibase.servicelocator                 : Loaded liquibase.sqlgenerator.SqlGenerator instance liquibase.sqlgenerator.core.AddDefaultValueGenerator
2025-03-14T22:35:23.146+07:00 DEBUG 1600 --- [TekstileApp] [           main] liquibase.servicelocator                 : Loaded liquibase.sqlgenerator.SqlGenerator instance liquibase.sqlgenerator.core.AddDefaultValueGeneratorDerby
2025-03-14T22:35:23.148+07:00 DEBUG 1600 --- [TekstileApp] [           main] liquibase.servicelocator                 : Loaded liquibase.sqlgenerator.SqlGenerator instance liquibase.sqlgenerator.core.AddDefaultValueGeneratorInformix
2025-03-14T22:35:23.150+07:00 DEBUG 1600 --- [TekstileApp] [           main] liquibase.servicelocator                 : Loaded liquibase.sqlgenerator.SqlGenerator instance liquibase.sqlgenerator.core.AddDefaultValueGeneratorMSSQL
2025-03-14T22:35:23.159+07:00 DEBUG 1600 --- [TekstileApp] [           main] liquibase.servicelocator                 : Loaded liquibase.sqlgenerator.SqlGenerator instance liquibase.sqlgenerator.core.AddDefaultValueGeneratorMySQL
2025-03-14T22:35:23.160+07:00 DEBUG 1600 --- [TekstileApp] [           main] liquibase.servicelocator                 : Loaded liquibase.sqlgenerator.SqlGenerator instance liquibase.sqlgenerator.core.AddDefaultValueGeneratorOracle
2025-03-14T22:35:23.165+07:00 DEBUG 1600 --- [TekstileApp] [           main] liquibase.servicelocator                 : Loaded liquibase.sqlgenerator.SqlGenerator instance liquibase.sqlgenerator.core.AddDefaultValueGeneratorPostgres
2025-03-14T22:35:23.168+07:00 DEBUG 1600 --- [TekstileApp] [           main] liquibase.servicelocator                 : Loaded liquibase.sqlgenerator.SqlGenerator instance liquibase.sqlgenerator.core.AddDefaultValueGeneratorSQLite
2025-03-14T22:35:23.170+07:00 DEBUG 1600 --- [TekstileApp] [           main] liquibase.servicelocator                 : Loaded liquibase.sqlgenerator.SqlGenerator instance liquibase.sqlgenerator.core.AddDefaultValueGeneratorSybase
2025-03-14T22:35:23.183+07:00 DEBUG 1600 --- [TekstileApp] [           main] liquibase.servicelocator                 : Loaded liquibase.sqlgenerator.SqlGenerator instance liquibase.sqlgenerator.core.AddDefaultValueGeneratorSybaseASA
2025-03-14T22:35:23.187+07:00 DEBUG 1600 --- [TekstileApp] [           main] liquibase.servicelocator                 : Loaded liquibase.sqlgenerator.SqlGenerator instance liquibase.sqlgenerator.core.AddForeignKeyConstraintGenerator
2025-03-14T22:35:23.190+07:00 DEBUG 1600 --- [TekstileApp] [           main] liquibase.servicelocator                 : Loaded liquibase.sqlgenerator.SqlGenerator instance liquibase.sqlgenerator.core.AddPrimaryKeyGenerator
2025-03-14T22:35:23.192+07:00 DEBUG 1600 --- [TekstileApp] [           main] liquibase.servicelocator                 : Loaded liquibase.sqlgenerator.SqlGenerator instance liquibase.sqlgenerator.core.AddPrimaryKeyGeneratorInformix
2025-03-14T22:35:23.193+07:00 DEBUG 1600 --- [TekstileApp] [           main] liquibase.servicelocator                 : Loaded liquibase.sqlgenerator.SqlGenerator instance liquibase.sqlgenerator.core.AddUniqueConstraintGenerator
2025-03-14T22:35:23.194+07:00 DEBUG 1600 --- [TekstileApp] [           main] liquibase.servicelocator                 : Loaded liquibase.sqlgenerator.SqlGenerator instance liquibase.sqlgenerator.core.AddUniqueConstraintGeneratorInformix
2025-03-14T22:35:23.195+07:00 DEBUG 1600 --- [TekstileApp] [           main] liquibase.servicelocator                 : Loaded liquibase.sqlgenerator.SqlGenerator instance liquibase.sqlgenerator.core.AddUniqueConstraintGeneratorTDS
2025-03-14T22:35:23.200+07:00 DEBUG 1600 --- [TekstileApp] [           main] liquibase.servicelocator                 : Loaded liquibase.sqlgenerator.SqlGenerator instance liquibase.sqlgenerator.core.AlterSequenceGenerator
2025-03-14T22:35:23.201+07:00 DEBUG 1600 --- [TekstileApp] [           main] liquibase.servicelocator                 : Loaded liquibase.sqlgenerator.SqlGenerator instance liquibase.sqlgenerator.core.BatchDmlExecutablePreparedStatementGenerator
2025-03-14T22:35:23.202+07:00 DEBUG 1600 --- [TekstileApp] [           main] liquibase.servicelocator                 : Loaded liquibase.sqlgenerator.SqlGenerator instance liquibase.sqlgenerator.core.ClearDatabaseChangeLogTableGenerator
2025-03-14T22:35:23.204+07:00 DEBUG 1600 --- [TekstileApp] [           main] liquibase.servicelocator                 : Loaded liquibase.sqlgenerator.SqlGenerator instance liquibase.sqlgenerator.core.CommentGenerator
2025-03-14T22:35:23.206+07:00 DEBUG 1600 --- [TekstileApp] [           main] liquibase.servicelocator                 : Loaded liquibase.sqlgenerator.SqlGenerator instance liquibase.sqlgenerator.core.CopyRowsGenerator
2025-03-14T22:35:23.208+07:00 DEBUG 1600 --- [TekstileApp] [           main] liquibase.servicelocator                 : Loaded liquibase.sqlgenerator.SqlGenerator instance liquibase.sqlgenerator.core.CreateDatabaseChangeLogLockTableGenerator
2025-03-14T22:35:23.209+07:00 DEBUG 1600 --- [TekstileApp] [           main] liquibase.servicelocator                 : Loaded liquibase.sqlgenerator.SqlGenerator instance liquibase.sqlgenerator.core.CreateDatabaseChangeLogTableGenerator
2025-03-14T22:35:23.210+07:00 DEBUG 1600 --- [TekstileApp] [           main] liquibase.servicelocator                 : Loaded liquibase.sqlgenerator.SqlGenerator instance liquibase.sqlgenerator.core.CreateDatabaseChangeLogTableGeneratorSybase
2025-03-14T22:35:23.211+07:00 DEBUG 1600 --- [TekstileApp] [           main] liquibase.servicelocator                 : Loaded liquibase.sqlgenerator.SqlGenerator instance liquibase.sqlgenerator.core.CreateIndexGenerator
2025-03-14T22:35:23.216+07:00 DEBUG 1600 --- [TekstileApp] [           main] liquibase.servicelocator                 : Loaded liquibase.sqlgenerator.SqlGenerator instance liquibase.sqlgenerator.core.CreateIndexGeneratorFirebird
2025-03-14T22:35:23.219+07:00 DEBUG 1600 --- [TekstileApp] [           main] liquibase.servicelocator                 : Loaded liquibase.sqlgenerator.SqlGenerator instance liquibase.sqlgenerator.core.CreateIndexGeneratorPostgres
2025-03-14T22:35:23.221+07:00 DEBUG 1600 --- [TekstileApp] [           main] liquibase.servicelocator                 : Loaded liquibase.sqlgenerator.SqlGenerator instance liquibase.sqlgenerator.core.CreateProcedureGenerator
2025-03-14T22:35:23.222+07:00 DEBUG 1600 --- [TekstileApp] [           main] liquibase.servicelocator                 : Loaded liquibase.sqlgenerator.SqlGenerator instance liquibase.sqlgenerator.core.CreateSequenceGenerator
2025-03-14T22:35:23.224+07:00 DEBUG 1600 --- [TekstileApp] [           main] liquibase.servicelocator                 : Loaded liquibase.sqlgenerator.SqlGenerator instance liquibase.sqlgenerator.core.CreateTableGenerator
2025-03-14T22:35:23.226+07:00 DEBUG 1600 --- [TekstileApp] [           main] liquibase.servicelocator                 : Loaded liquibase.sqlgenerator.SqlGenerator instance liquibase.sqlgenerator.core.CreateTableGeneratorInformix
2025-03-14T22:35:23.228+07:00 DEBUG 1600 --- [TekstileApp] [           main] liquibase.servicelocator                 : Loaded liquibase.sqlgenerator.SqlGenerator instance liquibase.sqlgenerator.core.CreateViewGenerator
2025-03-14T22:35:23.229+07:00 DEBUG 1600 --- [TekstileApp] [           main] liquibase.servicelocator                 : Loaded liquibase.sqlgenerator.SqlGenerator instance liquibase.sqlgenerator.core.CreateViewGeneratorInformix
2025-03-14T22:35:23.230+07:00 DEBUG 1600 --- [TekstileApp] [           main] liquibase.servicelocator                 : Loaded liquibase.sqlgenerator.SqlGenerator instance liquibase.sqlgenerator.core.DeleteGenerator
2025-03-14T22:35:23.232+07:00 DEBUG 1600 --- [TekstileApp] [           main] liquibase.servicelocator                 : Loaded liquibase.sqlgenerator.SqlGenerator instance liquibase.sqlgenerator.core.DropColumnGenerator
2025-03-14T22:35:23.234+07:00 DEBUG 1600 --- [TekstileApp] [           main] liquibase.servicelocator                 : Loaded liquibase.sqlgenerator.SqlGenerator instance liquibase.sqlgenerator.core.DropDefaultValueGenerator
2025-03-14T22:35:23.235+07:00 DEBUG 1600 --- [TekstileApp] [           main] liquibase.servicelocator                 : Loaded liquibase.sqlgenerator.SqlGenerator instance liquibase.sqlgenerator.core.DropForeignKeyConstraintGenerator
2025-03-14T22:35:23.236+07:00 DEBUG 1600 --- [TekstileApp] [           main] liquibase.servicelocator                 : Loaded liquibase.sqlgenerator.SqlGenerator instance liquibase.sqlgenerator.core.DropIndexGenerator
2025-03-14T22:35:23.238+07:00 DEBUG 1600 --- [TekstileApp] [           main] liquibase.servicelocator                 : Loaded liquibase.sqlgenerator.SqlGenerator instance liquibase.sqlgenerator.core.DropPrimaryKeyGenerator
2025-03-14T22:35:23.239+07:00 DEBUG 1600 --- [TekstileApp] [           main] liquibase.servicelocator                 : Loaded liquibase.sqlgenerator.SqlGenerator instance liquibase.sqlgenerator.core.DropProcedureGenerator
2025-03-14T22:35:23.240+07:00 DEBUG 1600 --- [TekstileApp] [           main] liquibase.servicelocator                 : Loaded liquibase.sqlgenerator.SqlGenerator instance liquibase.sqlgenerator.core.DropSequenceGenerator
2025-03-14T22:35:23.241+07:00 DEBUG 1600 --- [TekstileApp] [           main] liquibase.servicelocator                 : Loaded liquibase.sqlgenerator.SqlGenerator instance liquibase.sqlgenerator.core.DropTableGenerator
2025-03-14T22:35:23.242+07:00 DEBUG 1600 --- [TekstileApp] [           main] liquibase.servicelocator                 : Loaded liquibase.sqlgenerator.SqlGenerator instance liquibase.sqlgenerator.core.DropUniqueConstraintGenerator
2025-03-14T22:35:23.243+07:00 DEBUG 1600 --- [TekstileApp] [           main] liquibase.servicelocator                 : Loaded liquibase.sqlgenerator.SqlGenerator instance liquibase.sqlgenerator.core.DropViewGenerator
2025-03-14T22:35:23.261+07:00 DEBUG 1600 --- [TekstileApp] [           main] liquibase.servicelocator                 : Loaded liquibase.sqlgenerator.SqlGenerator instance liquibase.sqlgenerator.core.GetNextChangeSetSequenceValueGenerator
2025-03-14T22:35:23.262+07:00 DEBUG 1600 --- [TekstileApp] [           main] liquibase.servicelocator                 : Loaded liquibase.sqlgenerator.SqlGenerator instance liquibase.sqlgenerator.core.GetViewDefinitionGenerator
2025-03-14T22:35:23.263+07:00 DEBUG 1600 --- [TekstileApp] [           main] liquibase.servicelocator                 : Loaded liquibase.sqlgenerator.SqlGenerator instance liquibase.sqlgenerator.core.GetViewDefinitionGeneratorDB2
2025-03-14T22:35:23.264+07:00 DEBUG 1600 --- [TekstileApp] [           main] liquibase.servicelocator                 : Loaded liquibase.sqlgenerator.SqlGenerator instance liquibase.sqlgenerator.core.GetViewDefinitionGeneratorDerby
2025-03-14T22:35:23.265+07:00 DEBUG 1600 --- [TekstileApp] [           main] liquibase.servicelocator                 : Loaded liquibase.sqlgenerator.SqlGenerator instance liquibase.sqlgenerator.core.GetViewDefinitionGeneratorFirebird
2025-03-14T22:35:23.267+07:00 DEBUG 1600 --- [TekstileApp] [           main] liquibase.servicelocator                 : Loaded liquibase.sqlgenerator.SqlGenerator instance liquibase.sqlgenerator.core.GetViewDefinitionGeneratorHsql
2025-03-14T22:35:23.269+07:00 DEBUG 1600 --- [TekstileApp] [           main] liquibase.servicelocator                 : Loaded liquibase.sqlgenerator.SqlGenerator instance liquibase.sqlgenerator.core.GetViewDefinitionGeneratorInformix
2025-03-14T22:35:23.278+07:00 DEBUG 1600 --- [TekstileApp] [           main] liquibase.servicelocator                 : Loaded liquibase.sqlgenerator.SqlGenerator instance liquibase.sqlgenerator.core.GetViewDefinitionGeneratorMSSQL
2025-03-14T22:35:23.283+07:00 DEBUG 1600 --- [TekstileApp] [           main] liquibase.servicelocator                 : Loaded liquibase.sqlgenerator.SqlGenerator instance liquibase.sqlgenerator.core.GetViewDefinitionGeneratorOracle
2025-03-14T22:35:23.285+07:00 DEBUG 1600 --- [TekstileApp] [           main] liquibase.servicelocator                 : Loaded liquibase.sqlgenerator.SqlGenerator instance liquibase.sqlgenerator.core.GetViewDefinitionGeneratorPostgres
2025-03-14T22:35:23.286+07:00 DEBUG 1600 --- [TekstileApp] [           main] liquibase.servicelocator                 : Loaded liquibase.sqlgenerator.SqlGenerator instance liquibase.sqlgenerator.core.GetViewDefinitionGeneratorSybase
2025-03-14T22:35:23.288+07:00 DEBUG 1600 --- [TekstileApp] [           main] liquibase.servicelocator                 : Loaded liquibase.sqlgenerator.SqlGenerator instance liquibase.sqlgenerator.core.GetViewDefinitionGeneratorSybaseASA
2025-03-14T22:35:23.290+07:00 DEBUG 1600 --- [TekstileApp] [           main] liquibase.servicelocator                 : Loaded liquibase.sqlgenerator.SqlGenerator instance liquibase.sqlgenerator.core.InitializeDatabaseChangeLogLockTableGenerator
2025-03-14T22:35:23.291+07:00 DEBUG 1600 --- [TekstileApp] [           main] liquibase.servicelocator                 : Loaded liquibase.sqlgenerator.SqlGenerator instance liquibase.sqlgenerator.core.InsertDataChangeGenerator
2025-03-14T22:35:23.301+07:00 DEBUG 1600 --- [TekstileApp] [           main] liquibase.servicelocator                 : Loaded liquibase.sqlgenerator.SqlGenerator instance liquibase.sqlgenerator.core.InsertGenerator
2025-03-14T22:35:23.381+07:00 DEBUG 1600 --- [TekstileApp] [           main] liquibase.servicelocator                 : Loaded liquibase.sqlgenerator.SqlGenerator instance liquibase.sqlgenerator.core.InsertOrUpdateGeneratorDB2
2025-03-14T22:35:23.386+07:00 DEBUG 1600 --- [TekstileApp] [           main] liquibase.servicelocator                 : Loaded liquibase.sqlgenerator.SqlGenerator instance liquibase.sqlgenerator.core.InsertOrUpdateGeneratorH2
2025-03-14T22:35:23.388+07:00 DEBUG 1600 --- [TekstileApp] [           main] liquibase.servicelocator                 : Loaded liquibase.sqlgenerator.SqlGenerator instance liquibase.sqlgenerator.core.InsertOrUpdateGeneratorHsql
2025-03-14T22:35:23.389+07:00 DEBUG 1600 --- [TekstileApp] [           main] liquibase.servicelocator                 : Loaded liquibase.sqlgenerator.SqlGenerator instance liquibase.sqlgenerator.core.InsertOrUpdateGeneratorInformix
2025-03-14T22:35:23.392+07:00 DEBUG 1600 --- [TekstileApp] [           main] liquibase.servicelocator                 : Loaded liquibase.sqlgenerator.SqlGenerator instance liquibase.sqlgenerator.core.InsertOrUpdateGeneratorMSSQL
2025-03-14T22:35:23.394+07:00 DEBUG 1600 --- [TekstileApp] [           main] liquibase.servicelocator                 : Loaded liquibase.sqlgenerator.SqlGenerator instance liquibase.sqlgenerator.core.InsertOrUpdateGeneratorMySQL
2025-03-14T22:35:23.396+07:00 DEBUG 1600 --- [TekstileApp] [           main] liquibase.servicelocator                 : Loaded liquibase.sqlgenerator.SqlGenerator instance liquibase.sqlgenerator.core.InsertOrUpdateGeneratorOracle
2025-03-14T22:35:23.400+07:00 DEBUG 1600 --- [TekstileApp] [           main] liquibase.servicelocator                 : Loaded liquibase.sqlgenerator.SqlGenerator instance liquibase.sqlgenerator.core.InsertOrUpdateGeneratorPostgres
2025-03-14T22:35:23.403+07:00 DEBUG 1600 --- [TekstileApp] [           main] liquibase.servicelocator                 : Loaded liquibase.sqlgenerator.SqlGenerator instance liquibase.sqlgenerator.core.InsertOrUpdateGeneratorSQLite
2025-03-14T22:35:23.404+07:00 DEBUG 1600 --- [TekstileApp] [           main] liquibase.servicelocator                 : Loaded liquibase.sqlgenerator.SqlGenerator instance liquibase.sqlgenerator.core.InsertOrUpdateGeneratorSybaseASA
2025-03-14T22:35:23.406+07:00 DEBUG 1600 --- [TekstileApp] [           main] liquibase.servicelocator                 : Loaded liquibase.sqlgenerator.SqlGenerator instance liquibase.sqlgenerator.core.InsertSetGenerator
2025-03-14T22:35:28.414+07:00 DEBUG 1600 --- [TekstileApp] [           main] liquibase.servicelocator                 : Loaded liquibase.sqlgenerator.SqlGenerator instance liquibase.sqlgenerator.core.LockDatabaseChangeLogGenerator
2025-03-14T22:35:28.416+07:00 DEBUG 1600 --- [TekstileApp] [           main] liquibase.servicelocator                 : Loaded liquibase.sqlgenerator.SqlGenerator instance liquibase.sqlgenerator.core.MarkChangeSetRanGenerator
2025-03-14T22:35:28.417+07:00 DEBUG 1600 --- [TekstileApp] [           main] liquibase.servicelocator                 : Loaded liquibase.sqlgenerator.SqlGenerator instance liquibase.sqlgenerator.core.ModifyDataTypeGenerator
2025-03-14T22:35:28.419+07:00 DEBUG 1600 --- [TekstileApp] [           main] liquibase.servicelocator                 : Loaded liquibase.sqlgenerator.SqlGenerator instance liquibase.sqlgenerator.core.RawParameterizedSqlGenerator
2025-03-14T22:35:28.420+07:00 DEBUG 1600 --- [TekstileApp] [           main] liquibase.servicelocator                 : Loaded liquibase.sqlgenerator.SqlGenerator instance liquibase.sqlgenerator.core.RawSqlGenerator
2025-03-14T22:35:28.421+07:00 DEBUG 1600 --- [TekstileApp] [           main] liquibase.servicelocator                 : Loaded liquibase.sqlgenerator.SqlGenerator instance liquibase.sqlgenerator.core.ReindexGeneratorSQLite
2025-03-14T22:35:28.422+07:00 DEBUG 1600 --- [TekstileApp] [           main] liquibase.servicelocator                 : Loaded liquibase.sqlgenerator.SqlGenerator instance liquibase.sqlgenerator.core.RemoveChangeSetRanStatusGenerator
2025-03-14T22:35:28.424+07:00 DEBUG 1600 --- [TekstileApp] [           main] liquibase.servicelocator                 : Loaded liquibase.sqlgenerator.SqlGenerator instance liquibase.sqlgenerator.core.RenameColumnGenerator
2025-03-14T22:35:28.425+07:00 DEBUG 1600 --- [TekstileApp] [           main] liquibase.servicelocator                 : Loaded liquibase.sqlgenerator.SqlGenerator instance liquibase.sqlgenerator.core.RenameSequenceGenerator
2025-03-14T22:35:28.426+07:00 DEBUG 1600 --- [TekstileApp] [           main] liquibase.servicelocator                 : Loaded liquibase.sqlgenerator.SqlGenerator instance liquibase.sqlgenerator.core.RenameTableGenerator
2025-03-14T22:35:28.428+07:00 DEBUG 1600 --- [TekstileApp] [           main] liquibase.servicelocator                 : Loaded liquibase.sqlgenerator.SqlGenerator instance liquibase.sqlgenerator.core.RenameViewGenerator
2025-03-14T22:35:28.429+07:00 DEBUG 1600 --- [TekstileApp] [           main] liquibase.servicelocator                 : Loaded liquibase.sqlgenerator.SqlGenerator instance liquibase.sqlgenerator.core.ReorganizeTableGeneratorDB2
2025-03-14T22:35:28.430+07:00 DEBUG 1600 --- [TekstileApp] [           main] liquibase.servicelocator                 : Loaded liquibase.sqlgenerator.SqlGenerator instance liquibase.sqlgenerator.core.RuntimeGenerator
2025-03-14T22:35:28.431+07:00 DEBUG 1600 --- [TekstileApp] [           main] liquibase.servicelocator                 : Loaded liquibase.sqlgenerator.SqlGenerator instance liquibase.sqlgenerator.core.SelectFromDatabaseChangeLogGenerator
2025-03-14T22:35:28.433+07:00 DEBUG 1600 --- [TekstileApp] [           main] liquibase.servicelocator                 : Loaded liquibase.sqlgenerator.SqlGenerator instance liquibase.sqlgenerator.core.SelectFromDatabaseChangeLogLockGenerator
2025-03-14T22:35:28.434+07:00 DEBUG 1600 --- [TekstileApp] [           main] liquibase.servicelocator                 : Loaded liquibase.sqlgenerator.SqlGenerator instance liquibase.sqlgenerator.core.SetColumnRemarksGenerator
2025-03-14T22:35:28.436+07:00 DEBUG 1600 --- [TekstileApp] [           main] liquibase.servicelocator                 : Loaded liquibase.sqlgenerator.SqlGenerator instance liquibase.sqlgenerator.core.SetNullableGenerator
2025-03-14T22:35:28.439+07:00 DEBUG 1600 --- [TekstileApp] [           main] liquibase.servicelocator                 : Loaded liquibase.sqlgenerator.SqlGenerator instance liquibase.sqlgenerator.core.SetTableRemarksGenerator
2025-03-14T22:35:28.440+07:00 DEBUG 1600 --- [TekstileApp] [           main] liquibase.servicelocator                 : Loaded liquibase.sqlgenerator.SqlGenerator instance liquibase.sqlgenerator.core.SetViewRemarksGenerator
2025-03-14T22:35:28.441+07:00 DEBUG 1600 --- [TekstileApp] [           main] liquibase.servicelocator                 : Loaded liquibase.sqlgenerator.SqlGenerator instance liquibase.sqlgenerator.core.StoredProcedureGenerator
2025-03-14T22:35:28.443+07:00 DEBUG 1600 --- [TekstileApp] [           main] liquibase.servicelocator                 : Loaded liquibase.sqlgenerator.SqlGenerator instance liquibase.sqlgenerator.core.TableIsEmptyGenerator
2025-03-14T22:35:28.445+07:00 DEBUG 1600 --- [TekstileApp] [           main] liquibase.servicelocator                 : Loaded liquibase.sqlgenerator.SqlGenerator instance liquibase.sqlgenerator.core.TableRowCountGenerator
2025-03-14T22:35:28.447+07:00 DEBUG 1600 --- [TekstileApp] [           main] liquibase.servicelocator                 : Loaded liquibase.sqlgenerator.SqlGenerator instance liquibase.sqlgenerator.core.TagDatabaseGenerator
2025-03-14T22:35:28.448+07:00 DEBUG 1600 --- [TekstileApp] [           main] liquibase.servicelocator                 : Loaded liquibase.sqlgenerator.SqlGenerator instance liquibase.sqlgenerator.core.UnlockDatabaseChangeLogGenerator
2025-03-14T22:35:28.449+07:00 DEBUG 1600 --- [TekstileApp] [           main] liquibase.servicelocator                 : Loaded liquibase.sqlgenerator.SqlGenerator instance liquibase.sqlgenerator.core.UpdateChangeSetChecksumGenerator
2025-03-14T22:35:28.451+07:00 DEBUG 1600 --- [TekstileApp] [           main] liquibase.servicelocator                 : Loaded liquibase.sqlgenerator.SqlGenerator instance liquibase.sqlgenerator.core.UpdateDataChangeGenerator
2025-03-14T22:35:28.452+07:00 DEBUG 1600 --- [TekstileApp] [           main] liquibase.servicelocator                 : Loaded liquibase.sqlgenerator.SqlGenerator instance liquibase.sqlgenerator.core.UpdateGenerator
2025-03-14T22:35:28.453+07:00 DEBUG 1600 --- [TekstileApp] [           main] liquibase.servicelocator                 : Loaded liquibase.sqlgenerator.SqlGenerator instance liquibase.sqlgenerator.core.CreateSequenceGeneratorSnowflake
2025-03-14T22:35:28.454+07:00 DEBUG 1600 --- [TekstileApp] [           main] liquibase.servicelocator                 : Loaded liquibase.sqlgenerator.SqlGenerator instance liquibase.sqlgenerator.core.DropDefaultValueGeneratorSnowflake
2025-03-14T22:35:28.455+07:00 DEBUG 1600 --- [TekstileApp] [           main] liquibase.servicelocator                 : Loaded liquibase.sqlgenerator.SqlGenerator instance liquibase.sqlgenerator.core.DropProcedureGeneratorSnowflake
2025-03-14T22:35:28.458+07:00 DEBUG 1600 --- [TekstileApp] [           main] liquibase.servicelocator                 : Loaded liquibase.sqlgenerator.SqlGenerator instance liquibase.sqlgenerator.core.InsertOrUpdateGeneratorSnowflake
2025-03-14T22:35:28.459+07:00 DEBUG 1600 --- [TekstileApp] [           main] liquibase.servicelocator                 : Loaded liquibase.sqlgenerator.SqlGenerator instance liquibase.sqlgenerator.core.RenameTableGeneratorSnowflake
2025-03-14T22:35:28.460+07:00 DEBUG 1600 --- [TekstileApp] [           main] liquibase.servicelocator                 : Loaded liquibase.sqlgenerator.SqlGenerator instance liquibase.sqlgenerator.core.RenameViewGeneratorSnowflake
2025-03-14T22:35:28.461+07:00 DEBUG 1600 --- [TekstileApp] [           main] liquibase.servicelocator                 : Loaded liquibase.sqlgenerator.SqlGenerator instance liquibase.sqlgenerator.core.SetColumnRemarksGeneratorSnowflake
2025-03-14T22:35:28.462+07:00 DEBUG 1600 --- [TekstileApp] [           main] liquibase.servicelocator                 : Loaded liquibase.sqlgenerator.SqlGenerator instance liquibase.sqlgenerator.core.SetTableRemarksGeneratorSnowflake
2025-03-14T22:35:28.463+07:00 DEBUG 1600 --- [TekstileApp] [           main] liquibase.servicelocator                 : Loaded liquibase.sqlgenerator.SqlGenerator instance liquibase.sqlgenerator.core.GetViewDefinitionGeneratorSnowflake
2025-03-14T22:35:28.576+07:00  INFO 1600 --- [TekstileApp] [           main] liquibase.database                       : Set default schema name to public
2025-03-14T22:35:28.579+07:00 DEBUG 1600 --- [TekstileApp] [           main] liquibase.configuration                  : No configuration value for liquibase.liquibaseSchemaName aka liquibase.schemaName found
2025-03-14T22:35:28.586+07:00 DEBUG 1600 --- [TekstileApp] [           main] liquibase.configuration                  : No configuration value for liquibase.supportPropertyEscaping aka enableEscaping found
2025-03-14T22:35:28.586+07:00 DEBUG 1600 --- [TekstileApp] [           main] liquibase.configuration                  : Configuration liquibase.supportPropertyEscaping is using the default value of false
2025-03-14T22:35:28.653+07:00 DEBUG 1600 --- [TekstileApp] [           main] liquibase.servicelocator                 : Loaded liquibase.command.CommandStep instance liquibase.command.core.CalculateChecksumCommandStep
2025-03-14T22:35:28.671+07:00 DEBUG 1600 --- [TekstileApp] [           main] liquibase.servicelocator                 : Loaded liquibase.command.CommandStep instance liquibase.command.core.ChangelogSyncCommandStep
2025-03-14T22:35:28.673+07:00 DEBUG 1600 --- [TekstileApp] [           main] liquibase.servicelocator                 : Loaded liquibase.command.CommandStep instance liquibase.command.core.ChangelogSyncSqlCommandStep
2025-03-14T22:35:28.674+07:00 DEBUG 1600 --- [TekstileApp] [           main] liquibase.servicelocator                 : Loaded liquibase.command.CommandStep instance liquibase.command.core.ChangelogSyncToTagCommandStep
2025-03-14T22:35:28.675+07:00 DEBUG 1600 --- [TekstileApp] [           main] liquibase.servicelocator                 : Loaded liquibase.command.CommandStep instance liquibase.command.core.ChangelogSyncToTagSqlCommandStep
2025-03-14T22:35:28.676+07:00 DEBUG 1600 --- [TekstileApp] [           main] liquibase.servicelocator                 : Loaded liquibase.command.CommandStep instance liquibase.command.core.ClearChecksumsCommandStep
2025-03-14T22:35:28.680+07:00 DEBUG 1600 --- [TekstileApp] [           main] liquibase.servicelocator                 : Loaded liquibase.command.CommandStep instance liquibase.command.core.DbDocCommandStep
2025-03-14T22:35:28.717+07:00 DEBUG 1600 --- [TekstileApp] [           main] liquibase.servicelocator                 : Loaded liquibase.change.Change instance liquibase.change.core.AddAutoIncrementChange
2025-03-14T22:35:28.719+07:00 DEBUG 1600 --- [TekstileApp] [           main] liquibase.servicelocator                 : Loaded liquibase.change.Change instance liquibase.change.core.AddColumnChange
2025-03-14T22:35:28.721+07:00 DEBUG 1600 --- [TekstileApp] [           main] liquibase.servicelocator                 : Loaded liquibase.change.Change instance liquibase.change.core.AddDefaultValueChange
2025-03-14T22:35:28.733+07:00 DEBUG 1600 --- [TekstileApp] [           main] liquibase.servicelocator                 : Loaded liquibase.change.Change instance liquibase.change.core.AddForeignKeyConstraintChange
2025-03-14T22:35:28.736+07:00 DEBUG 1600 --- [TekstileApp] [           main] liquibase.servicelocator                 : Loaded liquibase.change.Change instance liquibase.change.core.AddLookupTableChange
2025-03-14T22:35:28.738+07:00 DEBUG 1600 --- [TekstileApp] [           main] liquibase.servicelocator                 : Loaded liquibase.change.Change instance liquibase.change.core.AddNotNullConstraintChange
2025-03-14T22:35:28.739+07:00 DEBUG 1600 --- [TekstileApp] [           main] liquibase.servicelocator                 : Loaded liquibase.change.Change instance liquibase.change.core.AddPrimaryKeyChange
2025-03-14T22:35:28.742+07:00 DEBUG 1600 --- [TekstileApp] [           main] liquibase.servicelocator                 : Loaded liquibase.change.Change instance liquibase.change.core.AddUniqueConstraintChange
2025-03-14T22:35:28.744+07:00 DEBUG 1600 --- [TekstileApp] [           main] liquibase.servicelocator                 : Loaded liquibase.change.Change instance liquibase.change.core.AlterSequenceChange
2025-03-14T22:35:28.746+07:00 DEBUG 1600 --- [TekstileApp] [           main] liquibase.servicelocator                 : Loaded liquibase.change.Change instance liquibase.change.core.CreateIndexChange
2025-03-14T22:35:28.749+07:00 DEBUG 1600 --- [TekstileApp] [           main] liquibase.servicelocator                 : Loaded liquibase.change.Change instance liquibase.change.core.CreateProcedureChange
2025-03-14T22:35:28.751+07:00 DEBUG 1600 --- [TekstileApp] [           main] liquibase.servicelocator                 : Loaded liquibase.change.Change instance liquibase.change.core.CreateSequenceChange
2025-03-14T22:35:28.752+07:00 DEBUG 1600 --- [TekstileApp] [           main] liquibase.servicelocator                 : Loaded liquibase.change.Change instance liquibase.change.core.CreateTableChange
2025-03-14T22:35:28.754+07:00 DEBUG 1600 --- [TekstileApp] [           main] liquibase.servicelocator                 : Loaded liquibase.change.Change instance liquibase.change.core.CreateViewChange
2025-03-14T22:35:28.792+07:00 DEBUG 1600 --- [TekstileApp] [           main] liquibase.servicelocator                 : Loaded liquibase.change.Change instance liquibase.change.core.DeleteDataChange
2025-03-14T22:35:28.794+07:00 DEBUG 1600 --- [TekstileApp] [           main] liquibase.servicelocator                 : Loaded liquibase.change.Change instance liquibase.change.core.DropAllForeignKeyConstraintsChange
2025-03-14T22:35:28.797+07:00 DEBUG 1600 --- [TekstileApp] [           main] liquibase.servicelocator                 : Loaded liquibase.change.Change instance liquibase.change.core.DropColumnChange
2025-03-14T22:35:28.799+07:00 DEBUG 1600 --- [TekstileApp] [           main] liquibase.servicelocator                 : Loaded liquibase.change.Change instance liquibase.change.core.DropDefaultValueChange
2025-03-14T22:35:28.801+07:00 DEBUG 1600 --- [TekstileApp] [           main] liquibase.servicelocator                 : Loaded liquibase.change.Change instance liquibase.change.core.DropForeignKeyConstraintChange
2025-03-14T22:35:28.802+07:00 DEBUG 1600 --- [TekstileApp] [           main] liquibase.servicelocator                 : Loaded liquibase.change.Change instance liquibase.change.core.DropIndexChange
2025-03-14T22:35:28.804+07:00 DEBUG 1600 --- [TekstileApp] [           main] liquibase.servicelocator                 : Loaded liquibase.change.Change instance liquibase.change.core.DropNotNullConstraintChange
2025-03-14T22:35:28.807+07:00 DEBUG 1600 --- [TekstileApp] [           main] liquibase.servicelocator                 : Loaded liquibase.change.Change instance liquibase.change.core.DropPrimaryKeyChange
2025-03-14T22:35:28.809+07:00 DEBUG 1600 --- [TekstileApp] [           main] liquibase.servicelocator                 : Loaded liquibase.change.Change instance liquibase.change.core.DropProcedureChange
2025-03-14T22:35:28.811+07:00 DEBUG 1600 --- [TekstileApp] [           main] liquibase.servicelocator                 : Loaded liquibase.change.Change instance liquibase.change.core.DropSequenceChange
2025-03-14T22:35:28.812+07:00 DEBUG 1600 --- [TekstileApp] [           main] liquibase.servicelocator                 : Loaded liquibase.change.Change instance liquibase.change.core.DropTableChange
2025-03-14T22:35:28.815+07:00 DEBUG 1600 --- [TekstileApp] [           main] liquibase.servicelocator                 : Loaded liquibase.change.Change instance liquibase.change.core.DropUniqueConstraintChange
2025-03-14T22:35:28.816+07:00 DEBUG 1600 --- [TekstileApp] [           main] liquibase.servicelocator                 : Loaded liquibase.change.Change instance liquibase.change.core.DropViewChange
2025-03-14T22:35:28.817+07:00 DEBUG 1600 --- [TekstileApp] [           main] liquibase.servicelocator                 : Loaded liquibase.change.Change instance liquibase.change.core.EmptyChange
2025-03-14T22:35:28.819+07:00 DEBUG 1600 --- [TekstileApp] [           main] liquibase.servicelocator                 : Loaded liquibase.change.Change instance liquibase.change.core.ExecuteShellCommandChange
2025-03-14T22:35:28.821+07:00 DEBUG 1600 --- [TekstileApp] [           main] liquibase.servicelocator                 : Loaded liquibase.change.Change instance liquibase.change.core.InsertDataChange
2025-03-14T22:35:28.878+07:00 DEBUG 1600 --- [TekstileApp] [           main] liquibase.servicelocator                 : Loaded liquibase.change.Change instance liquibase.change.core.LoadDataChange
2025-03-14T22:35:28.880+07:00 DEBUG 1600 --- [TekstileApp] [           main] liquibase.servicelocator                 : Loaded liquibase.change.Change instance liquibase.change.core.LoadUpdateDataChange
2025-03-14T22:35:28.882+07:00 DEBUG 1600 --- [TekstileApp] [           main] liquibase.servicelocator                 : Loaded liquibase.change.Change instance liquibase.change.core.MergeColumnChange
2025-03-14T22:35:28.883+07:00 DEBUG 1600 --- [TekstileApp] [           main] liquibase.servicelocator                 : Loaded liquibase.change.Change instance liquibase.change.core.ModifyDataTypeChange
2025-03-14T22:35:28.902+07:00 DEBUG 1600 --- [TekstileApp] [           main] liquibase.servicelocator                 : Loaded liquibase.change.Change instance liquibase.change.core.OutputChange
2025-03-14T22:35:28.904+07:00 DEBUG 1600 --- [TekstileApp] [           main] liquibase.servicelocator                 : Loaded liquibase.change.Change instance liquibase.change.core.RawSQLChange
2025-03-14T22:35:28.905+07:00 DEBUG 1600 --- [TekstileApp] [           main] liquibase.servicelocator                 : Loaded liquibase.change.Change instance liquibase.change.core.RenameColumnChange
2025-03-14T22:35:28.907+07:00 DEBUG 1600 --- [TekstileApp] [           main] liquibase.servicelocator                 : Loaded liquibase.change.Change instance liquibase.change.core.RenameSequenceChange
2025-03-14T22:35:28.909+07:00 DEBUG 1600 --- [TekstileApp] [           main] liquibase.servicelocator                 : Loaded liquibase.change.Change instance liquibase.change.core.RenameTableChange
2025-03-14T22:35:28.910+07:00 DEBUG 1600 --- [TekstileApp] [           main] liquibase.servicelocator                 : Loaded liquibase.change.Change instance liquibase.change.core.RenameViewChange
2025-03-14T22:35:28.913+07:00 DEBUG 1600 --- [TekstileApp] [           main] liquibase.servicelocator                 : Loaded liquibase.change.Change instance liquibase.change.core.SQLFileChange
2025-03-14T22:35:28.914+07:00 DEBUG 1600 --- [TekstileApp] [           main] liquibase.servicelocator                 : Loaded liquibase.change.Change instance liquibase.change.core.SetColumnRemarksChange
2025-03-14T22:35:28.916+07:00 DEBUG 1600 --- [TekstileApp] [           main] liquibase.servicelocator                 : Loaded liquibase.change.Change instance liquibase.change.core.SetTableRemarksChange
2025-03-14T22:35:28.917+07:00 DEBUG 1600 --- [TekstileApp] [           main] liquibase.servicelocator                 : Loaded liquibase.change.Change instance liquibase.change.core.StopChange
2025-03-14T22:35:28.919+07:00 DEBUG 1600 --- [TekstileApp] [           main] liquibase.servicelocator                 : Loaded liquibase.change.Change instance liquibase.change.core.TagDatabaseChange
2025-03-14T22:35:28.920+07:00 DEBUG 1600 --- [TekstileApp] [           main] liquibase.servicelocator                 : Loaded liquibase.change.Change instance liquibase.change.core.UpdateDataChange
2025-03-14T22:35:28.922+07:00 DEBUG 1600 --- [TekstileApp] [           main] liquibase.servicelocator                 : Loaded liquibase.change.Change instance liquibase.change.custom.CustomChangeWrapper
2025-03-14T22:35:29.502+07:00 DEBUG 1600 --- [TekstileApp] [           main] liquibase.servicelocator                 : Loaded liquibase.command.CommandStep instance liquibase.command.core.DiffChangelogCommandStep
2025-03-14T22:35:29.508+07:00 DEBUG 1600 --- [TekstileApp] [           main] liquibase.servicelocator                 : Loaded liquibase.command.CommandStep instance liquibase.command.core.DiffCommandStep
2025-03-14T22:35:29.510+07:00 DEBUG 1600 --- [TekstileApp] [           main] liquibase.servicelocator                 : Loaded liquibase.command.CommandStep instance liquibase.command.core.DropAllCommandStep
2025-03-14T22:35:29.534+07:00 DEBUG 1600 --- [TekstileApp] [           main] liquibase.servicelocator                 : Loaded liquibase.command.CommandStep instance liquibase.command.core.ExecuteSqlCommandStep
2025-03-14T22:35:29.536+07:00 DEBUG 1600 --- [TekstileApp] [           main] liquibase.servicelocator                 : Loaded liquibase.command.CommandStep instance liquibase.command.core.FutureRollbackCountSqlCommandStep
2025-03-14T22:35:29.538+07:00 DEBUG 1600 --- [TekstileApp] [           main] liquibase.servicelocator                 : Loaded liquibase.command.CommandStep instance liquibase.command.core.FutureRollbackFromTagSqlCommandStep
2025-03-14T22:35:29.539+07:00 DEBUG 1600 --- [TekstileApp] [           main] liquibase.servicelocator                 : Loaded liquibase.command.CommandStep instance liquibase.command.core.FutureRollbackSqlCommandStep
2025-03-14T22:35:29.543+07:00 DEBUG 1600 --- [TekstileApp] [           main] liquibase.servicelocator                 : Loaded liquibase.command.CommandStep instance liquibase.command.core.GenerateChangelogCommandStep
2025-03-14T22:35:29.554+07:00 DEBUG 1600 --- [TekstileApp] [           main] liquibase.servicelocator                 : Loaded liquibase.command.CommandStep instance liquibase.command.core.HistoryCommandStep
2025-03-14T22:35:29.556+07:00 DEBUG 1600 --- [TekstileApp] [           main] liquibase.servicelocator                 : Loaded liquibase.command.CommandStep instance liquibase.command.core.InternalSnapshotCommandStep
2025-03-14T22:35:29.568+07:00 DEBUG 1600 --- [TekstileApp] [           main] liquibase.servicelocator                 : Loaded liquibase.command.CommandStep instance liquibase.command.core.ListLocksCommandStep
2025-03-14T22:35:29.569+07:00 DEBUG 1600 --- [TekstileApp] [           main] liquibase.servicelocator                 : Loaded liquibase.command.CommandStep instance liquibase.command.core.MarkNextChangesetRanCommandStep
2025-03-14T22:35:29.570+07:00 DEBUG 1600 --- [TekstileApp] [           main] liquibase.servicelocator                 : Loaded liquibase.command.CommandStep instance liquibase.command.core.MarkNextChangesetRanSqlCommandStep
2025-03-14T22:35:29.572+07:00 DEBUG 1600 --- [TekstileApp] [           main] liquibase.servicelocator                 : Loaded liquibase.command.CommandStep instance liquibase.command.core.ReleaseLocksCommandStep
2025-03-14T22:35:29.579+07:00 DEBUG 1600 --- [TekstileApp] [           main] liquibase.servicelocator                 : Loaded liquibase.command.CommandStep instance liquibase.command.core.RollbackCommandStep
2025-03-14T22:35:29.581+07:00 DEBUG 1600 --- [TekstileApp] [           main] liquibase.servicelocator                 : Loaded liquibase.command.CommandStep instance liquibase.command.core.RollbackCountCommandStep
2025-03-14T22:35:29.582+07:00 DEBUG 1600 --- [TekstileApp] [           main] liquibase.servicelocator                 : Loaded liquibase.command.CommandStep instance liquibase.command.core.RollbackCountSqlCommandStep
2025-03-14T22:35:29.588+07:00 DEBUG 1600 --- [TekstileApp] [           main] liquibase.servicelocator                 : Loaded liquibase.command.CommandStep instance liquibase.command.core.RollbackSqlCommandStep
2025-03-14T22:35:29.590+07:00 DEBUG 1600 --- [TekstileApp] [           main] liquibase.servicelocator                 : Loaded liquibase.command.CommandStep instance liquibase.command.core.RollbackToDateCommandStep
2025-03-14T22:35:29.591+07:00 DEBUG 1600 --- [TekstileApp] [           main] liquibase.servicelocator                 : Loaded liquibase.command.CommandStep instance liquibase.command.core.RollbackToDateSqlCommandStep
2025-03-14T22:35:29.593+07:00 DEBUG 1600 --- [TekstileApp] [           main] liquibase.servicelocator                 : Loaded liquibase.command.CommandStep instance liquibase.command.core.SnapshotCommandStep
2025-03-14T22:35:29.594+07:00 DEBUG 1600 --- [TekstileApp] [           main] liquibase.servicelocator                 : Loaded liquibase.command.CommandStep instance liquibase.command.core.SnapshotReferenceCommandStep
2025-03-14T22:35:29.596+07:00 DEBUG 1600 --- [TekstileApp] [           main] liquibase.servicelocator                 : Loaded liquibase.command.CommandStep instance liquibase.command.core.StartH2CommandStep
2025-03-14T22:35:29.620+07:00 DEBUG 1600 --- [TekstileApp] [           main] liquibase.servicelocator                 : Loaded liquibase.command.CommandStep instance liquibase.command.core.StatusCommandStep
2025-03-14T22:35:29.627+07:00 DEBUG 1600 --- [TekstileApp] [           main] liquibase.servicelocator                 : Loaded liquibase.command.CommandStep instance liquibase.command.core.StopH2CommandStep
2025-03-14T22:35:29.628+07:00 DEBUG 1600 --- [TekstileApp] [           main] liquibase.servicelocator                 : Loaded liquibase.command.CommandStep instance liquibase.command.core.TagCommandStep
2025-03-14T22:35:29.630+07:00 DEBUG 1600 --- [TekstileApp] [           main] liquibase.servicelocator                 : Loaded liquibase.command.CommandStep instance liquibase.command.core.TagExistsCommandStep
2025-03-14T22:35:29.631+07:00 DEBUG 1600 --- [TekstileApp] [           main] liquibase.servicelocator                 : Loaded liquibase.command.CommandStep instance liquibase.command.core.UnexpectedChangesetsCommandStep
2025-03-14T22:35:29.632+07:00 DEBUG 1600 --- [TekstileApp] [           main] liquibase.servicelocator                 : Loaded liquibase.command.CommandStep instance liquibase.command.core.UpdateCommandStep
2025-03-14T22:35:29.633+07:00 DEBUG 1600 --- [TekstileApp] [           main] liquibase.servicelocator                 : Loaded liquibase.command.CommandStep instance liquibase.command.core.UpdateCountCommandStep
2025-03-14T22:35:29.644+07:00 DEBUG 1600 --- [TekstileApp] [           main] liquibase.servicelocator                 : Loaded liquibase.command.CommandStep instance liquibase.command.core.UpdateCountSqlCommandStep
2025-03-14T22:35:29.646+07:00 DEBUG 1600 --- [TekstileApp] [           main] liquibase.servicelocator                 : Loaded liquibase.command.CommandStep instance liquibase.command.core.UpdateSqlCommandStep
2025-03-14T22:35:29.647+07:00 DEBUG 1600 --- [TekstileApp] [           main] liquibase.servicelocator                 : Loaded liquibase.command.CommandStep instance liquibase.command.core.UpdateTestingRollbackCommandStep
2025-03-14T22:35:29.650+07:00 DEBUG 1600 --- [TekstileApp] [           main] liquibase.servicelocator                 : Loaded liquibase.command.CommandStep instance liquibase.command.core.UpdateToTagCommandStep
2025-03-14T22:35:29.651+07:00 DEBUG 1600 --- [TekstileApp] [           main] liquibase.servicelocator                 : Loaded liquibase.command.CommandStep instance liquibase.command.core.UpdateToTagSqlCommandStep
2025-03-14T22:35:29.665+07:00 DEBUG 1600 --- [TekstileApp] [           main] liquibase.servicelocator                 : Loaded liquibase.command.CommandStep instance liquibase.command.core.ValidateCommandStep
2025-03-14T22:35:29.666+07:00 DEBUG 1600 --- [TekstileApp] [           main] liquibase.servicelocator                 : Loaded liquibase.command.CommandStep instance liquibase.command.core.helpers.ChangeExecListenerCommandStep
2025-03-14T22:35:29.671+07:00 DEBUG 1600 --- [TekstileApp] [           main] liquibase.servicelocator                 : Loaded liquibase.command.CommandStep instance liquibase.command.core.helpers.DatabaseChangelogCommandStep
2025-03-14T22:35:29.673+07:00 DEBUG 1600 --- [TekstileApp] [           main] liquibase.servicelocator                 : Loaded liquibase.command.CommandStep instance liquibase.command.core.helpers.DbUrlConnectionArgumentsCommandStep
2025-03-14T22:35:29.676+07:00 DEBUG 1600 --- [TekstileApp] [           main] liquibase.servicelocator                 : Loaded liquibase.command.CommandStep instance liquibase.command.core.helpers.DbUrlConnectionCommandStep
2025-03-14T22:35:29.686+07:00 DEBUG 1600 --- [TekstileApp] [           main] liquibase.servicelocator                 : Loaded liquibase.command.CommandStep instance liquibase.command.core.helpers.DiffOutputControlCommandStep
2025-03-14T22:35:29.687+07:00 DEBUG 1600 --- [TekstileApp] [           main] liquibase.servicelocator                 : Loaded liquibase.command.CommandStep instance liquibase.command.core.helpers.LockServiceCommandStep
2025-03-14T22:35:29.689+07:00 DEBUG 1600 --- [TekstileApp] [           main] liquibase.servicelocator                 : Loaded liquibase.command.CommandStep instance liquibase.command.core.helpers.OutputWriterCommandStep
2025-03-14T22:35:29.694+07:00 DEBUG 1600 --- [TekstileApp] [           main] liquibase.servicelocator                 : Loaded liquibase.command.CommandStep instance liquibase.command.core.helpers.PreCompareCommandStep
2025-03-14T22:35:29.705+07:00 DEBUG 1600 --- [TekstileApp] [           main] liquibase.servicelocator                 : Loaded liquibase.command.CommandStep instance liquibase.command.core.helpers.ReferenceDatabaseOutputWriterCommandStep
2025-03-14T22:35:29.707+07:00 DEBUG 1600 --- [TekstileApp] [           main] liquibase.servicelocator                 : Loaded liquibase.command.CommandStep instance liquibase.command.core.helpers.ReferenceDbUrlConnectionCommandStep
2025-03-14T22:35:29.714+07:00 DEBUG 1600 --- [TekstileApp] [           main] liquibase.servicelocator                 : Loaded liquibase.command.CommandStep instance liquibase.command.core.helpers.ShowSummaryArgument
2025-03-14T22:35:29.775+07:00 DEBUG 1600 --- [TekstileApp] [           main] liquibase.servicelocator                 : Loaded liquibase.logging.mdc.MdcManager instance liquibase.logging.mdc.NoOpMdcManager
2025-03-14T22:35:29.788+07:00 DEBUG 1600 --- [TekstileApp] [           main] liquibase.configuration                  : No configuration value for liquibase.strict found
2025-03-14T22:35:29.788+07:00 DEBUG 1600 --- [TekstileApp] [           main] liquibase.configuration                  : Configuration liquibase.strict is using the default value of false
2025-03-14T22:35:29.843+07:00 DEBUG 1600 --- [TekstileApp] [           main] liquibase.configuration                  : No configuration value for liquibase.command.update.changeExecListener found
2025-03-14T22:35:29.844+07:00 DEBUG 1600 --- [TekstileApp] [           main] liquibase.configuration                  : No configuration value for liquibase.command.changeExecListener found
2025-03-14T22:35:29.846+07:00 DEBUG 1600 --- [TekstileApp] [           main] liquibase.configuration                  : No configuration value for liquibase.command.update.changeExecListenerClass found
2025-03-14T22:35:29.847+07:00 DEBUG 1600 --- [TekstileApp] [           main] liquibase.configuration                  : No configuration value for liquibase.command.changeExecListenerClass found
2025-03-14T22:35:29.848+07:00 DEBUG 1600 --- [TekstileApp] [           main] liquibase.configuration                  : No configuration value for liquibase.command.update.changeExecListenerPropertiesFile found
2025-03-14T22:35:29.853+07:00 DEBUG 1600 --- [TekstileApp] [           main] liquibase.configuration                  : No configuration value for liquibase.command.changeExecListenerPropertiesFile found
2025-03-14T22:35:29.855+07:00 DEBUG 1600 --- [TekstileApp] [           main] liquibase.configuration                  : Found 'liquibase.command.update.changelogFile' configuration of 'classpath:db/changelog/db.changelog-master.xml'
    command argument 'changelogFile' of 'classpath:db/changelog/db.changelog-master.xml'
2025-03-14T22:35:29.862+07:00 DEBUG 1600 --- [TekstileApp] [           main] liquibase.configuration                  : Found 'liquibase.command.update.changelogParameters' configuration of 'liquibase.changelog.ChangeLogParameters@4b4969ea'
    command argument 'changelogParameters' of 'liquibase.changelog.ChangeLogParameters@4b4969ea'
2025-03-14T22:35:29.865+07:00 DEBUG 1600 --- [TekstileApp] [           main] liquibase.configuration                  : No configuration value for liquibase.command.update.contextFilter aka liquibase.command.update.contexts found
2025-03-14T22:35:29.867+07:00 DEBUG 1600 --- [TekstileApp] [           main] liquibase.configuration                  : No configuration value for liquibase.command.contextFilter aka liquibase.command.contexts found
2025-03-14T22:35:29.877+07:00 DEBUG 1600 --- [TekstileApp] [           main] liquibase.configuration                  : Found 'liquibase.command.update.database' configuration of 'postgres @ jdbc:postgresql://localhost:5432/db_skladok (Default Schema: public)'
    command argument 'database' of 'postgres @ jdbc:postgresql://localhost:5432/db_skladok (Default Schema: public)'
2025-03-14T22:35:29.879+07:00 DEBUG 1600 --- [TekstileApp] [           main] liquibase.configuration                  : No configuration value for liquibase.command.update.databaseChangelog found
2025-03-14T22:35:29.880+07:00 DEBUG 1600 --- [TekstileApp] [           main] liquibase.configuration                  : No configuration value for liquibase.command.databaseChangelog found
2025-03-14T22:35:29.882+07:00 DEBUG 1600 --- [TekstileApp] [           main] liquibase.configuration                  : No configuration value for liquibase.command.update.defaultCatalogName found
2025-03-14T22:35:29.883+07:00 DEBUG 1600 --- [TekstileApp] [           main] liquibase.configuration                  : No configuration value for liquibase.command.defaultCatalogName found
2025-03-14T22:35:29.884+07:00 DEBUG 1600 --- [TekstileApp] [           main] liquibase.configuration                  : No configuration value for liquibase.command.update.defaultSchemaName found
2025-03-14T22:35:29.889+07:00 DEBUG 1600 --- [TekstileApp] [           main] liquibase.configuration                  : No configuration value for liquibase.command.defaultSchemaName found
2025-03-14T22:35:29.890+07:00 DEBUG 1600 --- [TekstileApp] [           main] liquibase.configuration                  : No configuration value for liquibase.command.update.driver found
2025-03-14T22:35:29.892+07:00 DEBUG 1600 --- [TekstileApp] [           main] liquibase.configuration                  : No configuration value for liquibase.command.driver found
2025-03-14T22:35:29.894+07:00 DEBUG 1600 --- [TekstileApp] [           main] liquibase.configuration                  : No configuration value for liquibase.command.update.driverPropertiesFile found
2025-03-14T22:35:29.896+07:00 DEBUG 1600 --- [TekstileApp] [           main] liquibase.configuration                  : No configuration value for liquibase.command.driverPropertiesFile found
2025-03-14T22:35:29.898+07:00 DEBUG 1600 --- [TekstileApp] [           main] liquibase.configuration                  : No configuration value for liquibase.command.update.labelFilter aka liquibase.command.update.labels found
2025-03-14T22:35:29.903+07:00 DEBUG 1600 --- [TekstileApp] [           main] liquibase.configuration                  : No configuration value for liquibase.command.labelFilter aka liquibase.command.labels found
2025-03-14T22:35:29.905+07:00 DEBUG 1600 --- [TekstileApp] [           main] liquibase.configuration                  : No configuration value for liquibase.command.update.password found
2025-03-14T22:35:29.906+07:00 DEBUG 1600 --- [TekstileApp] [           main] liquibase.configuration                  : No configuration value for liquibase.command.password found
2025-03-14T22:35:29.908+07:00 DEBUG 1600 --- [TekstileApp] [           main] liquibase.configuration                  : No configuration value for liquibase.command.update.showSummary found
2025-03-14T22:35:29.908+07:00 DEBUG 1600 --- [TekstileApp] [           main] liquibase.configuration                  : Configuration liquibase.command.update.showSummary is using the default value of SUMMARY
2025-03-14T22:35:29.909+07:00 DEBUG 1600 --- [TekstileApp] [           main] liquibase.configuration                  : No configuration value for liquibase.command.showSummary found
2025-03-14T22:35:29.910+07:00 DEBUG 1600 --- [TekstileApp] [           main] liquibase.configuration                  : Configuration liquibase.command.showSummary is using the default value of SUMMARY
2025-03-14T22:35:29.911+07:00 DEBUG 1600 --- [TekstileApp] [           main] liquibase.configuration                  : Found 'liquibase.command.update.showSummaryOutput' configuration of 'LOG'
    command argument 'showSummaryOutput' of 'LOG'
2025-03-14T22:35:29.920+07:00 DEBUG 1600 --- [TekstileApp] [           main] liquibase.configuration                  : No configuration value for liquibase.command.update.skipDatabaseStep found
2025-03-14T22:35:29.921+07:00 DEBUG 1600 --- [TekstileApp] [           main] liquibase.configuration                  : Configuration liquibase.command.update.skipDatabaseStep is using the default value of false
2025-03-14T22:35:29.935+07:00 DEBUG 1600 --- [TekstileApp] [           main] liquibase.configuration                  : No configuration value for liquibase.command.skipDatabaseStep found
2025-03-14T22:35:29.935+07:00 DEBUG 1600 --- [TekstileApp] [           main] liquibase.configuration                  : Configuration liquibase.command.skipDatabaseStep is using the default value of false
2025-03-14T22:35:29.936+07:00 DEBUG 1600 --- [TekstileApp] [           main] liquibase.configuration                  : No configuration value for liquibase.command.update.updateNullChecksums found
2025-03-14T22:35:29.937+07:00 DEBUG 1600 --- [TekstileApp] [           main] liquibase.configuration                  : Configuration liquibase.command.update.updateNullChecksums is using the default value of false
2025-03-14T22:35:29.938+07:00 DEBUG 1600 --- [TekstileApp] [           main] liquibase.configuration                  : No configuration value for liquibase.command.updateNullChecksums found
2025-03-14T22:35:29.945+07:00 DEBUG 1600 --- [TekstileApp] [           main] liquibase.configuration                  : Configuration liquibase.command.updateNullChecksums is using the default value of false
2025-03-14T22:35:29.948+07:00 DEBUG 1600 --- [TekstileApp] [           main] liquibase.configuration                  : No configuration value for liquibase.command.update.url found
2025-03-14T22:35:29.953+07:00 DEBUG 1600 --- [TekstileApp] [           main] liquibase.configuration                  : No configuration value for liquibase.command.url found
2025-03-14T22:35:29.966+07:00 DEBUG 1600 --- [TekstileApp] [           main] liquibase.configuration                  : No configuration value for liquibase.command.update.username found
2025-03-14T22:35:29.969+07:00 DEBUG 1600 --- [TekstileApp] [           main] liquibase.configuration                  : No configuration value for liquibase.command.username found
2025-03-14T22:35:29.973+07:00 DEBUG 1600 --- [TekstileApp] [           main] liquibase.command                        : Pipeline for command 'update: liquibase.command.core.helpers.DbUrlConnectionArgumentsCommandStep then liquibase.command.core.helpers.ShowSummaryArgument then liquibase.command.core.helpers.DbUrlConnectionCommandStep then liquibase.command.core.helpers.DatabaseChangelogCommandStep then liquibase.command.core.helpers.ChangeExecListenerCommandStep then liquibase.command.core.UpdateCommandStep
2025-03-14T22:35:29.975+07:00 DEBUG 1600 --- [TekstileApp] [           main] liquibase.configuration                  : No configuration value for liquibase.outputFile found
2025-03-14T22:35:29.977+07:00 DEBUG 1600 --- [TekstileApp] [           main] liquibase.configuration                  : No configuration value for liquibase.outputFileEncoding found
2025-03-14T22:35:29.978+07:00 DEBUG 1600 --- [TekstileApp] [           main] liquibase.configuration                  : Configuration liquibase.outputFileEncoding is using the default value of UTF-8
2025-03-14T22:35:29.978+07:00 DEBUG 1600 --- [TekstileApp] [           main] liquibase.command                        : Writing output with encoding 'UTF-8'
2025-03-14T22:35:29.979+07:00 DEBUG 1600 --- [TekstileApp] [           main] liquibase.command                        : Executing internal command dbUrlConnectionArguments
2025-03-14T22:35:29.980+07:00 DEBUG 1600 --- [TekstileApp] [           main] liquibase.command                        : Executing internal command showSummary
2025-03-14T22:35:29.981+07:00 DEBUG 1600 --- [TekstileApp] [           main] liquibase.configuration                  : Configuration liquibase.command.update.showSummary is using the default value of SUMMARY
2025-03-14T22:35:29.982+07:00 DEBUG 1600 --- [TekstileApp] [           main] liquibase.configuration                  : Configuration liquibase.command.showSummary is using the default value of SUMMARY
2025-03-14T22:35:29.986+07:00 DEBUG 1600 --- [TekstileApp] [           main] liquibase.command                        : Executing internal command dbUrlConnectionCommandStep
2025-03-14T22:35:29.987+07:00 DEBUG 1600 --- [TekstileApp] [           main] liquibase.configuration                  : Configuration liquibase.command.update.skipDatabaseStep is using the default value of false
2025-03-14T22:35:29.987+07:00 DEBUG 1600 --- [TekstileApp] [           main] liquibase.configuration                  : Configuration liquibase.command.skipDatabaseStep is using the default value of false
2025-03-14T22:35:29.988+07:00 DEBUG 1600 --- [TekstileApp] [           main] liquibase.command                        : Executing internal command changelogCommandStep
2025-03-14T22:35:30.028+07:00 DEBUG 1600 --- [TekstileApp] [           main] liquibase.servicelocator                 : Loaded liquibase.parser.ChangeLogParser instance liquibase.parser.core.formattedsql.FormattedSqlChangeLogParser
2025-03-14T22:35:30.058+07:00 DEBUG 1600 --- [TekstileApp] [           main] liquibase.servicelocator                 : Loaded liquibase.parser.ChangeLogParser instance liquibase.parser.core.json.JsonChangeLogParser
2025-03-14T22:35:30.064+07:00 DEBUG 1600 --- [TekstileApp] [           main] liquibase.servicelocator                 : Loaded liquibase.parser.ChangeLogParser instance liquibase.parser.core.sql.SqlChangeLogParser
2025-03-14T22:35:30.082+07:00 DEBUG 1600 --- [TekstileApp] [           main] liquibase.configuration                  : No configuration value for liquibase.validateXmlChangelogFiles found
2025-03-14T22:35:30.082+07:00 DEBUG 1600 --- [TekstileApp] [           main] liquibase.configuration                  : Configuration liquibase.validateXmlChangelogFiles is using the default value of true
2025-03-14T22:35:30.084+07:00 DEBUG 1600 --- [TekstileApp] [           main] liquibase.configuration                  : No configuration value for liquibase.secureParsing found
2025-03-14T22:35:30.084+07:00 DEBUG 1600 --- [TekstileApp] [           main] liquibase.configuration                  : Configuration liquibase.secureParsing is using the default value of true
2025-03-14T22:35:30.085+07:00 DEBUG 1600 --- [TekstileApp] [           main] liquibase.servicelocator                 : Loaded liquibase.parser.ChangeLogParser instance liquibase.parser.core.xml.XMLChangeLogSAXParser
2025-03-14T22:35:30.085+07:00 DEBUG 1600 --- [TekstileApp] [           main] liquibase.servicelocator                 : Loaded liquibase.parser.ChangeLogParser instance liquibase.parser.core.yaml.YamlChangeLogParser
2025-03-14T22:35:30.087+07:00 DEBUG 1600 --- [TekstileApp] [           main] liquibase.parser                         : Matched file 'classpath:db/changelog/db.changelog-master.xml' to parser 'XMLChangeLogSAXParser'
2025-03-14T22:35:30.160+07:00 DEBUG 1600 --- [TekstileApp] [           main] liquibase.servicelocator                 : Loaded liquibase.precondition.Precondition instance liquibase.precondition.CustomPreconditionWrapper
2025-03-14T22:35:30.160+07:00 DEBUG 1600 --- [TekstileApp] [           main] liquibase.servicelocator                 : Loaded liquibase.precondition.Precondition instance liquibase.precondition.core.AndPrecondition
2025-03-14T22:35:30.161+07:00 DEBUG 1600 --- [TekstileApp] [           main] liquibase.servicelocator                 : Loaded liquibase.precondition.Precondition instance liquibase.precondition.core.ChangeLogPropertyDefinedPrecondition
2025-03-14T22:35:30.162+07:00 DEBUG 1600 --- [TekstileApp] [           main] liquibase.servicelocator                 : Loaded liquibase.precondition.Precondition instance liquibase.precondition.core.ChangeSetExecutedPrecondition
2025-03-14T22:35:30.164+07:00 DEBUG 1600 --- [TekstileApp] [           main] liquibase.servicelocator                 : Loaded liquibase.precondition.Precondition instance liquibase.precondition.core.ColumnExistsPrecondition
2025-03-14T22:35:30.165+07:00 DEBUG 1600 --- [TekstileApp] [           main] liquibase.servicelocator                 : Loaded liquibase.precondition.Precondition instance liquibase.precondition.core.DBMSPrecondition
2025-03-14T22:35:30.167+07:00 DEBUG 1600 --- [TekstileApp] [           main] liquibase.servicelocator                 : Loaded liquibase.precondition.Precondition instance liquibase.precondition.core.ForeignKeyExistsPrecondition
2025-03-14T22:35:30.168+07:00 DEBUG 1600 --- [TekstileApp] [           main] liquibase.servicelocator                 : Loaded liquibase.precondition.Precondition instance liquibase.precondition.core.IndexExistsPrecondition
2025-03-14T22:35:30.170+07:00 DEBUG 1600 --- [TekstileApp] [           main] liquibase.servicelocator                 : Loaded liquibase.precondition.Precondition instance liquibase.precondition.core.NotPrecondition
2025-03-14T22:35:30.171+07:00 DEBUG 1600 --- [TekstileApp] [           main] liquibase.servicelocator                 : Loaded liquibase.precondition.Precondition instance liquibase.precondition.core.ObjectQuotingStrategyPrecondition
2025-03-14T22:35:30.172+07:00 DEBUG 1600 --- [TekstileApp] [           main] liquibase.servicelocator                 : Loaded liquibase.precondition.Precondition instance liquibase.precondition.core.OrPrecondition
2025-03-14T22:35:30.172+07:00 DEBUG 1600 --- [TekstileApp] [           main] liquibase.servicelocator                 : Loaded liquibase.precondition.Precondition instance liquibase.precondition.core.PreconditionContainer
2025-03-14T22:35:30.174+07:00 DEBUG 1600 --- [TekstileApp] [           main] liquibase.servicelocator                 : Loaded liquibase.precondition.Precondition instance liquibase.precondition.core.PrimaryKeyExistsPrecondition
2025-03-14T22:35:30.175+07:00 DEBUG 1600 --- [TekstileApp] [           main] liquibase.servicelocator                 : Loaded liquibase.precondition.Precondition instance liquibase.precondition.core.RowCountPrecondition
2025-03-14T22:35:30.176+07:00 DEBUG 1600 --- [TekstileApp] [           main] liquibase.servicelocator                 : Loaded liquibase.precondition.Precondition instance liquibase.precondition.core.RunningAsPrecondition
2025-03-14T22:35:30.177+07:00 DEBUG 1600 --- [TekstileApp] [           main] liquibase.servicelocator                 : Loaded liquibase.precondition.Precondition instance liquibase.precondition.core.SequenceExistsPrecondition
2025-03-14T22:35:30.178+07:00 DEBUG 1600 --- [TekstileApp] [           main] liquibase.servicelocator                 : Loaded liquibase.precondition.Precondition instance liquibase.precondition.core.SqlPrecondition
2025-03-14T22:35:30.185+07:00 DEBUG 1600 --- [TekstileApp] [           main] liquibase.servicelocator                 : Loaded liquibase.precondition.Precondition instance liquibase.precondition.core.TableExistsPrecondition
2025-03-14T22:35:30.186+07:00 DEBUG 1600 --- [TekstileApp] [           main] liquibase.servicelocator                 : Loaded liquibase.precondition.Precondition instance liquibase.precondition.core.TableIsEmptyPrecondition
2025-03-14T22:35:30.187+07:00 DEBUG 1600 --- [TekstileApp] [           main] liquibase.servicelocator                 : Loaded liquibase.precondition.Precondition instance liquibase.precondition.core.UniqueConstraintExistsPrecondition
2025-03-14T22:35:30.188+07:00 DEBUG 1600 --- [TekstileApp] [           main] liquibase.servicelocator                 : Loaded liquibase.precondition.Precondition instance liquibase.precondition.core.ViewExistsPrecondition
2025-03-14T22:35:30.298+07:00 DEBUG 1600 --- [TekstileApp] [           main] liquibase.parser                         : Resolving XML entity name='null', publicId='null', baseURI='null', systemId='http://www.liquibase.org/xml/ns/dbchangelog/dbchangelog-4.8.xsd'
2025-03-14T22:35:30.548+07:00 DEBUG 1600 --- [TekstileApp] [           main] liquibase.servicelocator                 : Loaded liquibase.changeset.ChangeSetService instance liquibase.changeset.StandardChangeSetService
2025-03-14T22:35:30.560+07:00 DEBUG 1600 --- [TekstileApp] [           main] liquibase.configuration                  : Found 'liquibase.command.update.updateNullChecksums' configuration of 'true'
    command argument 'updateNullChecksums' of 'true'
2025-03-14T22:35:30.564+07:00 DEBUG 1600 --- [TekstileApp] [           main] liquibase.servicelocator                 : Loaded liquibase.changelog.ChangeLogHistoryService instance liquibase.changelog.MockChangeLogHistoryService
2025-03-14T22:35:30.566+07:00 DEBUG 1600 --- [TekstileApp] [           main] liquibase.servicelocator                 : Loaded liquibase.changelog.ChangeLogHistoryService instance liquibase.changelog.StandardChangeLogHistoryService
2025-03-14T22:35:30.569+07:00 DEBUG 1600 --- [TekstileApp] [           main] liquibase.servicelocator                 : Loaded liquibase.snapshot.SnapshotGenerator instance liquibase.snapshot.jvm.CatalogSnapshotGenerator
2025-03-14T22:35:30.572+07:00 DEBUG 1600 --- [TekstileApp] [           main] liquibase.servicelocator                 : Loaded liquibase.snapshot.SnapshotGenerator instance liquibase.snapshot.jvm.ColumnSnapshotGenerator
2025-03-14T22:35:30.572+07:00 DEBUG 1600 --- [TekstileApp] [           main] liquibase.servicelocator                 : Loaded liquibase.snapshot.SnapshotGenerator instance liquibase.snapshot.jvm.ColumnSnapshotGeneratorH2
2025-03-14T22:35:30.573+07:00 DEBUG 1600 --- [TekstileApp] [           main] liquibase.servicelocator                 : Loaded liquibase.snapshot.SnapshotGenerator instance liquibase.snapshot.jvm.ColumnSnapshotGeneratorInformix
2025-03-14T22:35:30.574+07:00 DEBUG 1600 --- [TekstileApp] [           main] liquibase.servicelocator                 : Loaded liquibase.snapshot.SnapshotGenerator instance liquibase.snapshot.jvm.ColumnSnapshotGeneratorOracle
2025-03-14T22:35:30.574+07:00 DEBUG 1600 --- [TekstileApp] [           main] liquibase.servicelocator                 : Loaded liquibase.snapshot.SnapshotGenerator instance liquibase.snapshot.jvm.DataSnapshotGenerator
2025-03-14T22:35:30.576+07:00 DEBUG 1600 --- [TekstileApp] [           main] liquibase.servicelocator                 : Loaded liquibase.snapshot.SnapshotGenerator instance liquibase.snapshot.jvm.ForeignKeySnapshotGenerator
2025-03-14T22:35:30.578+07:00 DEBUG 1600 --- [TekstileApp] [           main] liquibase.servicelocator                 : Loaded liquibase.snapshot.SnapshotGenerator instance liquibase.snapshot.jvm.IndexSnapshotGenerator
2025-03-14T22:35:30.579+07:00 DEBUG 1600 --- [TekstileApp] [           main] liquibase.servicelocator                 : Loaded liquibase.snapshot.SnapshotGenerator instance liquibase.snapshot.jvm.PrimaryKeySnapshotGenerator
2025-03-14T22:35:30.579+07:00 DEBUG 1600 --- [TekstileApp] [           main] liquibase.servicelocator                 : Loaded liquibase.snapshot.SnapshotGenerator instance liquibase.snapshot.jvm.SchemaSnapshotGenerator
2025-03-14T22:35:30.580+07:00 DEBUG 1600 --- [TekstileApp] [           main] liquibase.servicelocator                 : Loaded liquibase.snapshot.SnapshotGenerator instance liquibase.snapshot.jvm.SequenceSnapshotGenerator
2025-03-14T22:35:30.581+07:00 DEBUG 1600 --- [TekstileApp] [           main] liquibase.servicelocator                 : Loaded liquibase.snapshot.SnapshotGenerator instance liquibase.snapshot.jvm.TableSnapshotGenerator
2025-03-14T22:35:30.582+07:00 DEBUG 1600 --- [TekstileApp] [           main] liquibase.servicelocator                 : Loaded liquibase.snapshot.SnapshotGenerator instance liquibase.snapshot.jvm.UniqueConstraintSnapshotGenerator
2025-03-14T22:35:30.583+07:00 DEBUG 1600 --- [TekstileApp] [           main] liquibase.servicelocator                 : Loaded liquibase.snapshot.SnapshotGenerator instance liquibase.snapshot.jvm.ViewSnapshotGenerator
2025-03-14T22:35:30.584+07:00 DEBUG 1600 --- [TekstileApp] [           main] liquibase.servicelocator                 : Loaded liquibase.snapshot.SnapshotGenerator instance liquibase.snapshot.jvm.SchemaSnapshotGeneratorSnowflake
2025-03-14T22:35:30.585+07:00 DEBUG 1600 --- [TekstileApp] [           main] liquibase.servicelocator                 : Loaded liquibase.snapshot.SnapshotGenerator instance liquibase.snapshot.jvm.SequenceSnapshotGeneratorSnowflake
2025-03-14T22:35:30.585+07:00 DEBUG 1600 --- [TekstileApp] [           main] liquibase.servicelocator                 : Loaded liquibase.snapshot.SnapshotGenerator instance liquibase.snapshot.jvm.UniqueConstraintSnapshotGeneratorSnowflake
2025-03-14T22:35:30.586+07:00 DEBUG 1600 --- [TekstileApp] [           main] liquibase.configuration                  : No configuration value for liquibase.liquibaseCatalogName aka liquibase.catalogName found
2025-03-14T22:35:30.590+07:00 DEBUG 1600 --- [TekstileApp] [           main] liquibase.util                           : Computed checksum for 1741966530589 as 07ebfc6cc1594fa7c0b611b01dd762c5
2025-03-14T22:35:30.594+07:00 DEBUG 1600 --- [TekstileApp] [           main] liquibase.configuration                  : No configuration value for liquibase.preserveSchemaCase found
2025-03-14T22:35:30.595+07:00 DEBUG 1600 --- [TekstileApp] [           main] liquibase.configuration                  : Configuration liquibase.preserveSchemaCase is using the default value of false
2025-03-14T22:35:30.606+07:00 DEBUG 1600 --- [TekstileApp] [           main] liquibase.servicelocator                 : Loaded liquibase.database.LiquibaseTableNames instance liquibase.database.StandardLiquibaseTableNames
2025-03-14T22:35:30.629+07:00 DEBUG 1600 --- [TekstileApp] [           main] liquibase.servicelocator                 : Loaded liquibase.diff.compare.DatabaseObjectComparator instance liquibase.diff.compare.core.CatalogComparator
2025-03-14T22:35:30.629+07:00 DEBUG 1600 --- [TekstileApp] [           main] liquibase.servicelocator                 : Loaded liquibase.diff.compare.DatabaseObjectComparator instance liquibase.diff.compare.core.ColumnComparator
2025-03-14T22:35:30.630+07:00 DEBUG 1600 --- [TekstileApp] [           main] liquibase.servicelocator                 : Loaded liquibase.diff.compare.DatabaseObjectComparator instance liquibase.diff.compare.core.DefaultDatabaseObjectComparator
2025-03-14T22:35:30.631+07:00 DEBUG 1600 --- [TekstileApp] [           main] liquibase.servicelocator                 : Loaded liquibase.diff.compare.DatabaseObjectComparator instance liquibase.diff.compare.core.ForeignKeyComparator
2025-03-14T22:35:30.632+07:00 DEBUG 1600 --- [TekstileApp] [           main] liquibase.servicelocator                 : Loaded liquibase.diff.compare.DatabaseObjectComparator instance liquibase.diff.compare.core.IndexComparator
2025-03-14T22:35:30.633+07:00 DEBUG 1600 --- [TekstileApp] [           main] liquibase.servicelocator                 : Loaded liquibase.diff.compare.DatabaseObjectComparator instance liquibase.diff.compare.core.PrimaryKeyComparator
2025-03-14T22:35:30.634+07:00 DEBUG 1600 --- [TekstileApp] [           main] liquibase.servicelocator                 : Loaded liquibase.diff.compare.DatabaseObjectComparator instance liquibase.diff.compare.core.SchemaComparator
2025-03-14T22:35:30.636+07:00 DEBUG 1600 --- [TekstileApp] [           main] liquibase.servicelocator                 : Loaded liquibase.diff.compare.DatabaseObjectComparator instance liquibase.diff.compare.core.TableComparator
2025-03-14T22:35:30.637+07:00 DEBUG 1600 --- [TekstileApp] [           main] liquibase.servicelocator                 : Loaded liquibase.diff.compare.DatabaseObjectComparator instance liquibase.diff.compare.core.UniqueConstraintComparator
2025-03-14T22:35:30.641+07:00 DEBUG 1600 --- [TekstileApp] [           main] liquibase.configuration                  : No configuration value for liquibase.includeCatalogInSpecification found
2025-03-14T22:35:30.642+07:00 DEBUG 1600 --- [TekstileApp] [           main] liquibase.configuration                  : Configuration liquibase.includeCatalogInSpecification is using the default value of false
2025-03-14T22:35:30.649+07:00 DEBUG 1600 --- [TekstileApp] [           main] liquibase.configuration                  : No configuration value for liquibase.sql.alwaysSetFetchSize found
2025-03-14T22:35:30.651+07:00 DEBUG 1600 --- [TekstileApp] [           main] liquibase.configuration                  : Configuration liquibase.sql.alwaysSetFetchSize is using the default value of true
2025-03-14T22:35:30.679+07:00 DEBUG 1600 --- [TekstileApp] [           main] liquibase.executor                       : Changelog query completed.
2025-03-14T22:35:30.700+07:00  INFO 1600 --- [TekstileApp] [           main] liquibase.changelog                      : Reading from public.databasechangelog
2025-03-14T22:35:30.706+07:00 DEBUG 1600 --- [TekstileApp] [           main] liquibase.executor                       : Changelog query completed.
2025-03-14T22:35:30.713+07:00 DEBUG 1600 --- [TekstileApp] [           main] liquibase.servicelocator                 : Loaded liquibase.lockservice.LockService instance liquibase.lockservice.LockServiceImpl
2025-03-14T22:35:30.714+07:00 DEBUG 1600 --- [TekstileApp] [           main] liquibase.servicelocator                 : Loaded liquibase.lockservice.LockService instance liquibase.lockservice.MockLockService
2025-03-14T22:35:30.715+07:00 DEBUG 1600 --- [TekstileApp] [           main] liquibase.servicelocator                 : Loaded liquibase.lockservice.LockService instance liquibase.lockservice.OfflineLockService
2025-03-14T22:35:30.716+07:00 DEBUG 1600 --- [TekstileApp] [           main] liquibase.servicelocator                 : Loaded liquibase.lockservice.LockService instance liquibase.lockservice.StandardLockService
2025-03-14T22:35:30.722+07:00 DEBUG 1600 --- [TekstileApp] [           main] liquibase.executor                       : Changelog query completed.
2025-03-14T22:35:30.724+07:00 DEBUG 1600 --- [TekstileApp] [           main] liquibase.configuration                  : No configuration value for liquibase.allowDuplicatedChangesetIdentifiers found
2025-03-14T22:35:30.724+07:00 DEBUG 1600 --- [TekstileApp] [           main] liquibase.configuration                  : Configuration liquibase.allowDuplicatedChangesetIdentifiers is using the default value of false
2025-03-14T22:35:30.727+07:00 DEBUG 1600 --- [TekstileApp] [           main] liquibase.servicelocator                 : Loaded liquibase.changelog.visitor.ValidatingVisitorGenerator instance liquibase.changelog.visitor.StandardValidatingVisitorGenerator
2025-03-14T22:35:30.764+07:00 DEBUG 1600 --- [TekstileApp] [           main] liquibase.util                           : Computed checksum for createTable:[
    columns=[
        [
            [
                nullable="false"
                primaryKey="true"
            ]
            name="pk_skladok"
            type="serial"
        ],
        [
            [
                nullable="false"
            ]
            name="item_color"
            type="varchar(255)"
        ],
        [
            [
                nullable="false"
            ]
            name="material_percentage"
            type="integer"
        ],
        ... [truncated in log] as 7dfbf238181fa73753773ea1cb5f40f0
2025-03-14T22:35:30.764+07:00 DEBUG 1600 --- [TekstileApp] [           main] liquibase.util                           : Computed checksum for 9:7dfbf238181fa73753773ea1cb5f40f0: as 7e382c8c02e8968e802478cb95555738
2025-03-14T22:35:30.765+07:00 DEBUG 1600 --- [TekstileApp] [           main] liquibase.command                        : Executing internal command changeExecListener
2025-03-14T22:35:30.773+07:00 DEBUG 1600 --- [TekstileApp] [           main] liquibase.command                        : Executing internal command update migrate
2025-03-14T22:35:30.796+07:00 DEBUG 1600 --- [TekstileApp] [           main] liquibase.changelog                      : Fast check found no un-run changesets
2025-03-14T22:35:30.796+07:00  INFO 1600 --- [TekstileApp] [           main] liquibase.ui                             : Database is up to date, no changesets to execute
2025-03-14T22:35:30.799+07:00  INFO 1600 --- [TekstileApp] [           main] liquibase.changelog                      : Reading from public.databasechangelog
2025-03-14T22:35:30.801+07:00 DEBUG 1600 --- [TekstileApp] [           main] liquibase.executor                       : Changelog query completed.
2025-03-14T22:35:30.809+07:00 DEBUG 1600 --- [TekstileApp] [           main] liquibase.servicelocator                 : Loaded liquibase.report.ShowSummaryGenerator instance liquibase.report.StandardShowSummaryGenerator
2025-03-14T22:35:30.814+07:00  INFO 1600 --- [TekstileApp] [           main] liquibase.util                           : UPDATE SUMMARY
2025-03-14T22:35:30.814+07:00  INFO 1600 --- [TekstileApp] [           main] liquibase.util                           : Run:                          0
2025-03-14T22:35:30.814+07:00  INFO 1600 --- [TekstileApp] [           main] liquibase.util                           : Previously run:               1
2025-03-14T22:35:30.814+07:00  INFO 1600 --- [TekstileApp] [           main] liquibase.util                           : Filtered out:                 0
2025-03-14T22:35:30.814+07:00  INFO 1600 --- [TekstileApp] [           main] liquibase.util                           : -------------------------------
2025-03-14T22:35:30.814+07:00  INFO 1600 --- [TekstileApp] [           main] liquibase.util                           : Total change sets:            1
2025-03-14T22:35:30.815+07:00  INFO 1600 --- [TekstileApp] [           main] liquibase.util                           : Update summary generated
2025-03-14T22:35:30.818+07:00  INFO 1600 --- [TekstileApp] [           main] liquibase.command                        : Command execution complete
2025-03-14T22:35:31.136+07:00  INFO 1600 --- [TekstileApp] [           main] o.hibernate.jpa.internal.util.LogHelper  : HHH000204: Processing PersistenceUnitInfo [name: default]
2025-03-14T22:35:31.225+07:00  INFO 1600 --- [TekstileApp] [           main] org.hibernate.Version                    : HHH000412: Hibernate ORM core version 6.5.3.Final
2025-03-14T22:35:31.274+07:00  INFO 1600 --- [TekstileApp] [           main] o.h.c.internal.RegionFactoryInitiator    : HHH000026: Second-level cache disabled
2025-03-14T22:35:31.675+07:00  INFO 1600 --- [TekstileApp] [           main] o.s.o.j.p.SpringPersistenceUnitInfo      : No LoadTimeWeaver setup: ignoring JPA class transformer
2025-03-14T22:35:31.743+07:00  WARN 1600 --- [TekstileApp] [           main] org.hibernate.orm.deprecation            : HHH90000025: PostgreSQLDialect does not need to be specified explicitly using 'hibernate.dialect' (remove the property setting and it will be selected by default)
2025-03-14T22:35:32.849+07:00  INFO 1600 --- [TekstileApp] [           main] o.h.e.t.j.p.i.JtaPlatformInitiator       : HHH000489: No JTA platform available (set 'hibernate.transaction.jta.platform' to enable JTA platform integration)
2025-03-14T22:35:32.852+07:00  INFO 1600 --- [TekstileApp] [           main] j.LocalContainerEntityManagerFactoryBean : Initialized JPA EntityManagerFactory for persistence unit 'default'
2025-03-14T22:35:33.682+07:00  WARN 1600 --- [TekstileApp] [           main] JpaBaseConfiguration$JpaWebConfiguration : spring.jpa.open-in-view is enabled by default. Therefore, database queries may be performed during view rendering. Explicitly configure spring.jpa.open-in-view to disable this warning
2025-03-14T22:35:34.209+07:00  WARN 1600 --- [TekstileApp] [           main] ion$DefaultTemplateResolverConfiguration : Cannot find template location: classpath:/templates/ (please add some templates, check your Thymeleaf configuration, or set spring.thymeleaf.check-template-location=false)
2025-03-14T22:35:34.389+07:00  INFO 1600 --- [TekstileApp] [           main] r.a.z.T.TekstileAppApplicationTests      : Started TekstileAppApplicationTests in 14.883 seconds (process running for 16.425)
]]></system-out>
    <system-err><![CDATA[WARNING: A Java agent has been loaded dynamically (/Users/krutojcelovecek/.m2/repository/net/bytebuddy/byte-buddy-agent/1.14.19/byte-buddy-agent-1.14.19.jar)
WARNING: If a serviceability tool is in use, please run with -XX:+EnableDynamicAgentLoading to hide this warning
WARNING: If a serviceability tool is not in use, please run with -Djdk.instrument.traceUsage for more information
WARNING: Dynamic loading of agents will be disallowed by default in a future release
]]></system-err>
  </testcase>
</testsuite>